/!\ FAILSAFE /!\  Tue Jan 04 15:30:01 -0800 2011
  Status: 500 Internal Server Error
  Unknown database 'user_authentication_demo_development'
    /System/Library/Frameworks/Ruby.framework/Versions/1.8/usr/lib/ruby/gems/1.8/gems/activerecord-2.3.5/lib/active_record/connection_adapters/mysql_adapter.rb:589:in `real_connect'
    /System/Library/Frameworks/Ruby.framework/Versions/1.8/usr/lib/ruby/gems/1.8/gems/activerecord-2.3.5/lib/active_record/connection_adapters/mysql_adapter.rb:589:in `connect'
    /System/Library/Frameworks/Ruby.framework/Versions/1.8/usr/lib/ruby/gems/1.8/gems/activerecord-2.3.5/lib/active_record/connection_adapters/mysql_adapter.rb:203:in `initialize'
    /System/Library/Frameworks/Ruby.framework/Versions/1.8/usr/lib/ruby/gems/1.8/gems/activerecord-2.3.5/lib/active_record/connection_adapters/mysql_adapter.rb:75:in `new'
    /System/Library/Frameworks/Ruby.framework/Versions/1.8/usr/lib/ruby/gems/1.8/gems/activerecord-2.3.5/lib/active_record/connection_adapters/mysql_adapter.rb:75:in `mysql_connection'
    /System/Library/Frameworks/Ruby.framework/Versions/1.8/usr/lib/ruby/gems/1.8/gems/activerecord-2.3.5/lib/active_record/connection_adapters/abstract/connection_pool.rb:223:in `send'
    /System/Library/Frameworks/Ruby.framework/Versions/1.8/usr/lib/ruby/gems/1.8/gems/activerecord-2.3.5/lib/active_record/connection_adapters/abstract/connection_pool.rb:223:in `new_connection'
    /System/Library/Frameworks/Ruby.framework/Versions/1.8/usr/lib/ruby/gems/1.8/gems/activerecord-2.3.5/lib/active_record/connection_adapters/abstract/connection_pool.rb:245:in `checkout_new_connection'
    /System/Library/Frameworks/Ruby.framework/Versions/1.8/usr/lib/ruby/gems/1.8/gems/activerecord-2.3.5/lib/active_record/connection_adapters/abstract/connection_pool.rb:188:in `checkout'
    /System/Library/Frameworks/Ruby.framework/Versions/1.8/usr/lib/ruby/gems/1.8/gems/activerecord-2.3.5/lib/active_record/connection_adapters/abstract/connection_pool.rb:184:in `loop'
    /System/Library/Frameworks/Ruby.framework/Versions/1.8/usr/lib/ruby/gems/1.8/gems/activerecord-2.3.5/lib/active_record/connection_adapters/abstract/connection_pool.rb:184:in `checkout'
    /System/Library/Frameworks/Ruby.framework/Versions/1.8/usr/lib/ruby/1.8/monitor.rb:242:in `synchronize'
    /System/Library/Frameworks/Ruby.framework/Versions/1.8/usr/lib/ruby/gems/1.8/gems/activerecord-2.3.5/lib/active_record/connection_adapters/abstract/connection_pool.rb:183:in `checkout'
    /System/Library/Frameworks/Ruby.framework/Versions/1.8/usr/lib/ruby/gems/1.8/gems/activerecord-2.3.5/lib/active_record/connection_adapters/abstract/connection_pool.rb:98:in `connection'
    /System/Library/Frameworks/Ruby.framework/Versions/1.8/usr/lib/ruby/gems/1.8/gems/activerecord-2.3.5/lib/active_record/connection_adapters/abstract/connection_pool.rb:326:in `retrieve_connection'
    /System/Library/Frameworks/Ruby.framework/Versions/1.8/usr/lib/ruby/gems/1.8/gems/activerecord-2.3.5/lib/active_record/connection_adapters/abstract/connection_specification.rb:123:in `retrieve_connection'
    /System/Library/Frameworks/Ruby.framework/Versions/1.8/usr/lib/ruby/gems/1.8/gems/activerecord-2.3.5/lib/active_record/connection_adapters/abstract/connection_specification.rb:115:in `connection'
    /System/Library/Frameworks/Ruby.framework/Versions/1.8/usr/lib/ruby/gems/1.8/gems/activerecord-2.3.5/lib/active_record/query_cache.rb:9:in `cache'
    /System/Library/Frameworks/Ruby.framework/Versions/1.8/usr/lib/ruby/gems/1.8/gems/activerecord-2.3.5/lib/active_record/query_cache.rb:28:in `call'
    /System/Library/Frameworks/Ruby.framework/Versions/1.8/usr/lib/ruby/gems/1.8/gems/activerecord-2.3.5/lib/active_record/connection_adapters/abstract/connection_pool.rb:361:in `call'
    /System/Library/Frameworks/Ruby.framework/Versions/1.8/usr/lib/ruby/gems/1.8/gems/actionpack-2.3.5/lib/action_controller/string_coercion.rb:25:in `call'
    /System/Library/Frameworks/Ruby.framework/Versions/1.8/usr/lib/ruby/gems/1.8/gems/rack-1.0.1/lib/rack/head.rb:9:in `call'
    /System/Library/Frameworks/Ruby.framework/Versions/1.8/usr/lib/ruby/gems/1.8/gems/rack-1.0.1/lib/rack/methodoverride.rb:24:in `call'
    /System/Library/Frameworks/Ruby.framework/Versions/1.8/usr/lib/ruby/gems/1.8/gems/actionpack-2.3.5/lib/action_controller/params_parser.rb:15:in `call'
    /System/Library/Frameworks/Ruby.framework/Versions/1.8/usr/lib/ruby/gems/1.8/gems/actionpack-2.3.5/lib/action_controller/session/cookie_store.rb:93:in `call'
    /System/Library/Frameworks/Ruby.framework/Versions/1.8/usr/lib/ruby/gems/1.8/gems/actionpack-2.3.5/lib/action_controller/failsafe.rb:26:in `call'
    /System/Library/Frameworks/Ruby.framework/Versions/1.8/usr/lib/ruby/gems/1.8/gems/rack-1.0.1/lib/rack/lock.rb:11:in `call'
    /System/Library/Frameworks/Ruby.framework/Versions/1.8/usr/lib/ruby/gems/1.8/gems/rack-1.0.1/lib/rack/lock.rb:11:in `synchronize'
    /System/Library/Frameworks/Ruby.framework/Versions/1.8/usr/lib/ruby/gems/1.8/gems/rack-1.0.1/lib/rack/lock.rb:11:in `call'
    /System/Library/Frameworks/Ruby.framework/Versions/1.8/usr/lib/ruby/gems/1.8/gems/actionpack-2.3.5/lib/action_controller/dispatcher.rb:114:in `call'
    /System/Library/Frameworks/Ruby.framework/Versions/1.8/usr/lib/ruby/gems/1.8/gems/actionpack-2.3.5/lib/action_controller/reloader.rb:34:in `run'
    /System/Library/Frameworks/Ruby.framework/Versions/1.8/usr/lib/ruby/gems/1.8/gems/actionpack-2.3.5/lib/action_controller/dispatcher.rb:108:in `call'
    /Users/petertran/.gem/ruby/1.8/gems/rails-2.3.5/lib/rails/rack/static.rb:31:in `call'
    /System/Library/Frameworks/Ruby.framework/Versions/1.8/usr/lib/ruby/gems/1.8/gems/rack-1.0.1/lib/rack/urlmap.rb:46:in `call'
    /System/Library/Frameworks/Ruby.framework/Versions/1.8/usr/lib/ruby/gems/1.8/gems/rack-1.0.1/lib/rack/urlmap.rb:40:in `each'
    /System/Library/Frameworks/Ruby.framework/Versions/1.8/usr/lib/ruby/gems/1.8/gems/rack-1.0.1/lib/rack/urlmap.rb:40:in `call'
    /Users/petertran/.gem/ruby/1.8/gems/rails-2.3.5/lib/rails/rack/log_tailer.rb:17:in `call'
    /System/Library/Frameworks/Ruby.framework/Versions/1.8/usr/lib/ruby/gems/1.8/gems/rack-1.0.1/lib/rack/content_length.rb:13:in `call'
    /System/Library/Frameworks/Ruby.framework/Versions/1.8/usr/lib/ruby/gems/1.8/gems/rack-1.0.1/lib/rack/chunked.rb:15:in `call'
    /Library/Ruby/Gems/1.8/gems/thin-1.2.7/lib/thin/connection.rb:76:in `pre_process'
    /Library/Ruby/Gems/1.8/gems/thin-1.2.7/lib/thin/connection.rb:74:in `catch'
    /Library/Ruby/Gems/1.8/gems/thin-1.2.7/lib/thin/connection.rb:74:in `pre_process'
    /Library/Ruby/Gems/1.8/gems/thin-1.2.7/lib/thin/connection.rb:57:in `process'
    /Library/Ruby/Gems/1.8/gems/thin-1.2.7/lib/thin/connection.rb:42:in `receive_data'
    /Library/Ruby/Gems/1.8/gems/eventmachine-0.12.8/lib/eventmachine.rb:1506:in `event_callback'
    /Library/Ruby/Gems/1.8/gems/eventmachine-0.12.8/lib/pr_eventmachine.rb:550:in `eventable_read'
    /Library/Ruby/Gems/1.8/gems/eventmachine-0.12.8/lib/pr_eventmachine.rb:548:in `times'
    /Library/Ruby/Gems/1.8/gems/eventmachine-0.12.8/lib/pr_eventmachine.rb:548:in `eventable_read'
    (__FORWARDABLE__):3:in `__send__'
    (__FORWARDABLE__):3:in `eventable_read'
    /Library/Ruby/Gems/1.8/gems/eventmachine-0.12.8/lib/pr_eventmachine.rb:369:in `crank_selectables'
    /Library/Ruby/Gems/1.8/gems/eventmachine-0.12.8/lib/pr_eventmachine.rb:369:in `each'
    /Library/Ruby/Gems/1.8/gems/eventmachine-0.12.8/lib/pr_eventmachine.rb:369:in `crank_selectables'
    /Library/Ruby/Gems/1.8/gems/eventmachine-0.12.8/lib/pr_eventmachine.rb:324:in `run'
    /Library/Ruby/Gems/1.8/gems/eventmachine-0.12.8/lib/pr_eventmachine.rb:318:in `loop'
    /Library/Ruby/Gems/1.8/gems/eventmachine-0.12.8/lib/pr_eventmachine.rb:318:in `run'
    /Library/Ruby/Gems/1.8/gems/eventmachine-0.12.8/lib/pr_eventmachine.rb:64:in `run_machine'
    /Library/Ruby/Gems/1.8/gems/eventmachine-0.12.8/lib/eventmachine.rb:242:in `run'
    /Library/Ruby/Gems/1.8/gems/thin-1.2.7/lib/thin/backends/base.rb:57:in `start'
    /Library/Ruby/Gems/1.8/gems/thin-1.2.7/lib/thin/server.rb:156:in `start'
    /System/Library/Frameworks/Ruby.framework/Versions/1.8/usr/lib/ruby/gems/1.8/gems/rack-1.0.1/lib/rack/handler/thin.rb:14:in `run'
    /Users/petertran/.gem/ruby/1.8/gems/rails-2.3.5/lib/commands/server.rb:111
    /Library/Ruby/Site/1.8/rubygems/custom_require.rb:31:in `gem_original_require'
    /Library/Ruby/Site/1.8/rubygems/custom_require.rb:31:in `require'
    script/server:3
/!\ FAILSAFE /!\  Tue Jan 04 15:30:06 -0800 2011
  Status: 500 Internal Server Error
  Unknown database 'user_authentication_demo_development'
    /System/Library/Frameworks/Ruby.framework/Versions/1.8/usr/lib/ruby/gems/1.8/gems/activerecord-2.3.5/lib/active_record/connection_adapters/mysql_adapter.rb:589:in `real_connect'
    /System/Library/Frameworks/Ruby.framework/Versions/1.8/usr/lib/ruby/gems/1.8/gems/activerecord-2.3.5/lib/active_record/connection_adapters/mysql_adapter.rb:589:in `connect'
    /System/Library/Frameworks/Ruby.framework/Versions/1.8/usr/lib/ruby/gems/1.8/gems/activerecord-2.3.5/lib/active_record/connection_adapters/mysql_adapter.rb:203:in `initialize'
    /System/Library/Frameworks/Ruby.framework/Versions/1.8/usr/lib/ruby/gems/1.8/gems/activerecord-2.3.5/lib/active_record/connection_adapters/mysql_adapter.rb:75:in `new'
    /System/Library/Frameworks/Ruby.framework/Versions/1.8/usr/lib/ruby/gems/1.8/gems/activerecord-2.3.5/lib/active_record/connection_adapters/mysql_adapter.rb:75:in `mysql_connection'
    /System/Library/Frameworks/Ruby.framework/Versions/1.8/usr/lib/ruby/gems/1.8/gems/activerecord-2.3.5/lib/active_record/connection_adapters/abstract/connection_pool.rb:223:in `send'
    /System/Library/Frameworks/Ruby.framework/Versions/1.8/usr/lib/ruby/gems/1.8/gems/activerecord-2.3.5/lib/active_record/connection_adapters/abstract/connection_pool.rb:223:in `new_connection'
    /System/Library/Frameworks/Ruby.framework/Versions/1.8/usr/lib/ruby/gems/1.8/gems/activerecord-2.3.5/lib/active_record/connection_adapters/abstract/connection_pool.rb:245:in `checkout_new_connection'
    /System/Library/Frameworks/Ruby.framework/Versions/1.8/usr/lib/ruby/gems/1.8/gems/activerecord-2.3.5/lib/active_record/connection_adapters/abstract/connection_pool.rb:188:in `checkout'
    /System/Library/Frameworks/Ruby.framework/Versions/1.8/usr/lib/ruby/gems/1.8/gems/activerecord-2.3.5/lib/active_record/connection_adapters/abstract/connection_pool.rb:184:in `loop'
    /System/Library/Frameworks/Ruby.framework/Versions/1.8/usr/lib/ruby/gems/1.8/gems/activerecord-2.3.5/lib/active_record/connection_adapters/abstract/connection_pool.rb:184:in `checkout'
    /System/Library/Frameworks/Ruby.framework/Versions/1.8/usr/lib/ruby/1.8/monitor.rb:242:in `synchronize'
    /System/Library/Frameworks/Ruby.framework/Versions/1.8/usr/lib/ruby/gems/1.8/gems/activerecord-2.3.5/lib/active_record/connection_adapters/abstract/connection_pool.rb:183:in `checkout'
    /System/Library/Frameworks/Ruby.framework/Versions/1.8/usr/lib/ruby/gems/1.8/gems/activerecord-2.3.5/lib/active_record/connection_adapters/abstract/connection_pool.rb:98:in `connection'
    /System/Library/Frameworks/Ruby.framework/Versions/1.8/usr/lib/ruby/gems/1.8/gems/activerecord-2.3.5/lib/active_record/connection_adapters/abstract/connection_pool.rb:326:in `retrieve_connection'
    /System/Library/Frameworks/Ruby.framework/Versions/1.8/usr/lib/ruby/gems/1.8/gems/activerecord-2.3.5/lib/active_record/connection_adapters/abstract/connection_specification.rb:123:in `retrieve_connection'
    /System/Library/Frameworks/Ruby.framework/Versions/1.8/usr/lib/ruby/gems/1.8/gems/activerecord-2.3.5/lib/active_record/connection_adapters/abstract/connection_specification.rb:115:in `connection'
    /System/Library/Frameworks/Ruby.framework/Versions/1.8/usr/lib/ruby/gems/1.8/gems/activerecord-2.3.5/lib/active_record/query_cache.rb:9:in `cache'
    /System/Library/Frameworks/Ruby.framework/Versions/1.8/usr/lib/ruby/gems/1.8/gems/activerecord-2.3.5/lib/active_record/query_cache.rb:28:in `call'
    /System/Library/Frameworks/Ruby.framework/Versions/1.8/usr/lib/ruby/gems/1.8/gems/activerecord-2.3.5/lib/active_record/connection_adapters/abstract/connection_pool.rb:361:in `call'
    /System/Library/Frameworks/Ruby.framework/Versions/1.8/usr/lib/ruby/gems/1.8/gems/actionpack-2.3.5/lib/action_controller/string_coercion.rb:25:in `call'
    /System/Library/Frameworks/Ruby.framework/Versions/1.8/usr/lib/ruby/gems/1.8/gems/rack-1.0.1/lib/rack/head.rb:9:in `call'
    /System/Library/Frameworks/Ruby.framework/Versions/1.8/usr/lib/ruby/gems/1.8/gems/rack-1.0.1/lib/rack/methodoverride.rb:24:in `call'
    /System/Library/Frameworks/Ruby.framework/Versions/1.8/usr/lib/ruby/gems/1.8/gems/actionpack-2.3.5/lib/action_controller/params_parser.rb:15:in `call'
    /System/Library/Frameworks/Ruby.framework/Versions/1.8/usr/lib/ruby/gems/1.8/gems/actionpack-2.3.5/lib/action_controller/session/cookie_store.rb:93:in `call'
    /System/Library/Frameworks/Ruby.framework/Versions/1.8/usr/lib/ruby/gems/1.8/gems/actionpack-2.3.5/lib/action_controller/failsafe.rb:26:in `call'
    /System/Library/Frameworks/Ruby.framework/Versions/1.8/usr/lib/ruby/gems/1.8/gems/rack-1.0.1/lib/rack/lock.rb:11:in `call'
    /System/Library/Frameworks/Ruby.framework/Versions/1.8/usr/lib/ruby/gems/1.8/gems/rack-1.0.1/lib/rack/lock.rb:11:in `synchronize'
    /System/Library/Frameworks/Ruby.framework/Versions/1.8/usr/lib/ruby/gems/1.8/gems/rack-1.0.1/lib/rack/lock.rb:11:in `call'
    /System/Library/Frameworks/Ruby.framework/Versions/1.8/usr/lib/ruby/gems/1.8/gems/actionpack-2.3.5/lib/action_controller/dispatcher.rb:114:in `call'
    /System/Library/Frameworks/Ruby.framework/Versions/1.8/usr/lib/ruby/gems/1.8/gems/actionpack-2.3.5/lib/action_controller/reloader.rb:34:in `run'
    /System/Library/Frameworks/Ruby.framework/Versions/1.8/usr/lib/ruby/gems/1.8/gems/actionpack-2.3.5/lib/action_controller/dispatcher.rb:108:in `call'
    /Users/petertran/.gem/ruby/1.8/gems/rails-2.3.5/lib/rails/rack/static.rb:31:in `call'
    /System/Library/Frameworks/Ruby.framework/Versions/1.8/usr/lib/ruby/gems/1.8/gems/rack-1.0.1/lib/rack/urlmap.rb:46:in `call'
    /System/Library/Frameworks/Ruby.framework/Versions/1.8/usr/lib/ruby/gems/1.8/gems/rack-1.0.1/lib/rack/urlmap.rb:40:in `each'
    /System/Library/Frameworks/Ruby.framework/Versions/1.8/usr/lib/ruby/gems/1.8/gems/rack-1.0.1/lib/rack/urlmap.rb:40:in `call'
    /Users/petertran/.gem/ruby/1.8/gems/rails-2.3.5/lib/rails/rack/log_tailer.rb:17:in `call'
    /System/Library/Frameworks/Ruby.framework/Versions/1.8/usr/lib/ruby/gems/1.8/gems/rack-1.0.1/lib/rack/content_length.rb:13:in `call'
    /System/Library/Frameworks/Ruby.framework/Versions/1.8/usr/lib/ruby/gems/1.8/gems/rack-1.0.1/lib/rack/chunked.rb:15:in `call'
    /Library/Ruby/Gems/1.8/gems/thin-1.2.7/lib/thin/connection.rb:76:in `pre_process'
    /Library/Ruby/Gems/1.8/gems/thin-1.2.7/lib/thin/connection.rb:74:in `catch'
    /Library/Ruby/Gems/1.8/gems/thin-1.2.7/lib/thin/connection.rb:74:in `pre_process'
    /Library/Ruby/Gems/1.8/gems/thin-1.2.7/lib/thin/connection.rb:57:in `process'
    /Library/Ruby/Gems/1.8/gems/thin-1.2.7/lib/thin/connection.rb:42:in `receive_data'
    /Library/Ruby/Gems/1.8/gems/eventmachine-0.12.8/lib/eventmachine.rb:1506:in `event_callback'
    /Library/Ruby/Gems/1.8/gems/eventmachine-0.12.8/lib/pr_eventmachine.rb:550:in `eventable_read'
    /Library/Ruby/Gems/1.8/gems/eventmachine-0.12.8/lib/pr_eventmachine.rb:548:in `times'
    /Library/Ruby/Gems/1.8/gems/eventmachine-0.12.8/lib/pr_eventmachine.rb:548:in `eventable_read'
    (__FORWARDABLE__):3:in `__send__'
    (__FORWARDABLE__):3:in `eventable_read'
    /Library/Ruby/Gems/1.8/gems/eventmachine-0.12.8/lib/pr_eventmachine.rb:369:in `crank_selectables'
    /Library/Ruby/Gems/1.8/gems/eventmachine-0.12.8/lib/pr_eventmachine.rb:369:in `each'
    /Library/Ruby/Gems/1.8/gems/eventmachine-0.12.8/lib/pr_eventmachine.rb:369:in `crank_selectables'
    /Library/Ruby/Gems/1.8/gems/eventmachine-0.12.8/lib/pr_eventmachine.rb:324:in `run'
    /Library/Ruby/Gems/1.8/gems/eventmachine-0.12.8/lib/pr_eventmachine.rb:318:in `loop'
    /Library/Ruby/Gems/1.8/gems/eventmachine-0.12.8/lib/pr_eventmachine.rb:318:in `run'
    /Library/Ruby/Gems/1.8/gems/eventmachine-0.12.8/lib/pr_eventmachine.rb:64:in `run_machine'
    /Library/Ruby/Gems/1.8/gems/eventmachine-0.12.8/lib/eventmachine.rb:242:in `run'
    /Library/Ruby/Gems/1.8/gems/thin-1.2.7/lib/thin/backends/base.rb:57:in `start'
    /Library/Ruby/Gems/1.8/gems/thin-1.2.7/lib/thin/server.rb:156:in `start'
    /System/Library/Frameworks/Ruby.framework/Versions/1.8/usr/lib/ruby/gems/1.8/gems/rack-1.0.1/lib/rack/handler/thin.rb:14:in `run'
    /Users/petertran/.gem/ruby/1.8/gems/rails-2.3.5/lib/commands/server.rb:111
    /Library/Ruby/Site/1.8/rubygems/custom_require.rb:31:in `gem_original_require'
    /Library/Ruby/Site/1.8/rubygems/custom_require.rb:31:in `require'
    script/server:3
/!\ FAILSAFE /!\  Tue Jan 04 15:30:54 -0800 2011
  Status: 500 Internal Server Error
  Unknown database 'user_authentication_demo_development'
    /System/Library/Frameworks/Ruby.framework/Versions/1.8/usr/lib/ruby/gems/1.8/gems/activerecord-2.3.5/lib/active_record/connection_adapters/mysql_adapter.rb:589:in `real_connect'
    /System/Library/Frameworks/Ruby.framework/Versions/1.8/usr/lib/ruby/gems/1.8/gems/activerecord-2.3.5/lib/active_record/connection_adapters/mysql_adapter.rb:589:in `connect'
    /System/Library/Frameworks/Ruby.framework/Versions/1.8/usr/lib/ruby/gems/1.8/gems/activerecord-2.3.5/lib/active_record/connection_adapters/mysql_adapter.rb:203:in `initialize'
    /System/Library/Frameworks/Ruby.framework/Versions/1.8/usr/lib/ruby/gems/1.8/gems/activerecord-2.3.5/lib/active_record/connection_adapters/mysql_adapter.rb:75:in `new'
    /System/Library/Frameworks/Ruby.framework/Versions/1.8/usr/lib/ruby/gems/1.8/gems/activerecord-2.3.5/lib/active_record/connection_adapters/mysql_adapter.rb:75:in `mysql_connection'
    /System/Library/Frameworks/Ruby.framework/Versions/1.8/usr/lib/ruby/gems/1.8/gems/activerecord-2.3.5/lib/active_record/connection_adapters/abstract/connection_pool.rb:223:in `send'
    /System/Library/Frameworks/Ruby.framework/Versions/1.8/usr/lib/ruby/gems/1.8/gems/activerecord-2.3.5/lib/active_record/connection_adapters/abstract/connection_pool.rb:223:in `new_connection'
    /System/Library/Frameworks/Ruby.framework/Versions/1.8/usr/lib/ruby/gems/1.8/gems/activerecord-2.3.5/lib/active_record/connection_adapters/abstract/connection_pool.rb:245:in `checkout_new_connection'
    /System/Library/Frameworks/Ruby.framework/Versions/1.8/usr/lib/ruby/gems/1.8/gems/activerecord-2.3.5/lib/active_record/connection_adapters/abstract/connection_pool.rb:188:in `checkout'
    /System/Library/Frameworks/Ruby.framework/Versions/1.8/usr/lib/ruby/gems/1.8/gems/activerecord-2.3.5/lib/active_record/connection_adapters/abstract/connection_pool.rb:184:in `loop'
    /System/Library/Frameworks/Ruby.framework/Versions/1.8/usr/lib/ruby/gems/1.8/gems/activerecord-2.3.5/lib/active_record/connection_adapters/abstract/connection_pool.rb:184:in `checkout'
    /System/Library/Frameworks/Ruby.framework/Versions/1.8/usr/lib/ruby/1.8/monitor.rb:242:in `synchronize'
    /System/Library/Frameworks/Ruby.framework/Versions/1.8/usr/lib/ruby/gems/1.8/gems/activerecord-2.3.5/lib/active_record/connection_adapters/abstract/connection_pool.rb:183:in `checkout'
    /System/Library/Frameworks/Ruby.framework/Versions/1.8/usr/lib/ruby/gems/1.8/gems/activerecord-2.3.5/lib/active_record/connection_adapters/abstract/connection_pool.rb:98:in `connection'
    /System/Library/Frameworks/Ruby.framework/Versions/1.8/usr/lib/ruby/gems/1.8/gems/activerecord-2.3.5/lib/active_record/connection_adapters/abstract/connection_pool.rb:326:in `retrieve_connection'
    /System/Library/Frameworks/Ruby.framework/Versions/1.8/usr/lib/ruby/gems/1.8/gems/activerecord-2.3.5/lib/active_record/connection_adapters/abstract/connection_specification.rb:123:in `retrieve_connection'
    /System/Library/Frameworks/Ruby.framework/Versions/1.8/usr/lib/ruby/gems/1.8/gems/activerecord-2.3.5/lib/active_record/connection_adapters/abstract/connection_specification.rb:115:in `connection'
    /System/Library/Frameworks/Ruby.framework/Versions/1.8/usr/lib/ruby/gems/1.8/gems/activerecord-2.3.5/lib/active_record/query_cache.rb:9:in `cache'
    /System/Library/Frameworks/Ruby.framework/Versions/1.8/usr/lib/ruby/gems/1.8/gems/activerecord-2.3.5/lib/active_record/query_cache.rb:28:in `call'
    /System/Library/Frameworks/Ruby.framework/Versions/1.8/usr/lib/ruby/gems/1.8/gems/activerecord-2.3.5/lib/active_record/connection_adapters/abstract/connection_pool.rb:361:in `call'
    /System/Library/Frameworks/Ruby.framework/Versions/1.8/usr/lib/ruby/gems/1.8/gems/actionpack-2.3.5/lib/action_controller/string_coercion.rb:25:in `call'
    /System/Library/Frameworks/Ruby.framework/Versions/1.8/usr/lib/ruby/gems/1.8/gems/rack-1.0.1/lib/rack/head.rb:9:in `call'
    /System/Library/Frameworks/Ruby.framework/Versions/1.8/usr/lib/ruby/gems/1.8/gems/rack-1.0.1/lib/rack/methodoverride.rb:24:in `call'
    /System/Library/Frameworks/Ruby.framework/Versions/1.8/usr/lib/ruby/gems/1.8/gems/actionpack-2.3.5/lib/action_controller/params_parser.rb:15:in `call'
    /System/Library/Frameworks/Ruby.framework/Versions/1.8/usr/lib/ruby/gems/1.8/gems/actionpack-2.3.5/lib/action_controller/session/cookie_store.rb:93:in `call'
    /System/Library/Frameworks/Ruby.framework/Versions/1.8/usr/lib/ruby/gems/1.8/gems/actionpack-2.3.5/lib/action_controller/failsafe.rb:26:in `call'
    /System/Library/Frameworks/Ruby.framework/Versions/1.8/usr/lib/ruby/gems/1.8/gems/rack-1.0.1/lib/rack/lock.rb:11:in `call'
    /System/Library/Frameworks/Ruby.framework/Versions/1.8/usr/lib/ruby/gems/1.8/gems/rack-1.0.1/lib/rack/lock.rb:11:in `synchronize'
    /System/Library/Frameworks/Ruby.framework/Versions/1.8/usr/lib/ruby/gems/1.8/gems/rack-1.0.1/lib/rack/lock.rb:11:in `call'
    /System/Library/Frameworks/Ruby.framework/Versions/1.8/usr/lib/ruby/gems/1.8/gems/actionpack-2.3.5/lib/action_controller/dispatcher.rb:114:in `call'
    /System/Library/Frameworks/Ruby.framework/Versions/1.8/usr/lib/ruby/gems/1.8/gems/actionpack-2.3.5/lib/action_controller/reloader.rb:34:in `run'
    /System/Library/Frameworks/Ruby.framework/Versions/1.8/usr/lib/ruby/gems/1.8/gems/actionpack-2.3.5/lib/action_controller/dispatcher.rb:108:in `call'
    /Users/petertran/.gem/ruby/1.8/gems/rails-2.3.5/lib/rails/rack/static.rb:31:in `call'
    /System/Library/Frameworks/Ruby.framework/Versions/1.8/usr/lib/ruby/gems/1.8/gems/rack-1.0.1/lib/rack/urlmap.rb:46:in `call'
    /System/Library/Frameworks/Ruby.framework/Versions/1.8/usr/lib/ruby/gems/1.8/gems/rack-1.0.1/lib/rack/urlmap.rb:40:in `each'
    /System/Library/Frameworks/Ruby.framework/Versions/1.8/usr/lib/ruby/gems/1.8/gems/rack-1.0.1/lib/rack/urlmap.rb:40:in `call'
    /Users/petertran/.gem/ruby/1.8/gems/rails-2.3.5/lib/rails/rack/log_tailer.rb:17:in `call'
    /System/Library/Frameworks/Ruby.framework/Versions/1.8/usr/lib/ruby/gems/1.8/gems/rack-1.0.1/lib/rack/content_length.rb:13:in `call'
    /System/Library/Frameworks/Ruby.framework/Versions/1.8/usr/lib/ruby/gems/1.8/gems/rack-1.0.1/lib/rack/chunked.rb:15:in `call'
    /Library/Ruby/Gems/1.8/gems/thin-1.2.7/lib/thin/connection.rb:76:in `pre_process'
    /Library/Ruby/Gems/1.8/gems/thin-1.2.7/lib/thin/connection.rb:74:in `catch'
    /Library/Ruby/Gems/1.8/gems/thin-1.2.7/lib/thin/connection.rb:74:in `pre_process'
    /Library/Ruby/Gems/1.8/gems/thin-1.2.7/lib/thin/connection.rb:57:in `process'
    /Library/Ruby/Gems/1.8/gems/thin-1.2.7/lib/thin/connection.rb:42:in `receive_data'
    /Library/Ruby/Gems/1.8/gems/eventmachine-0.12.8/lib/eventmachine.rb:1506:in `event_callback'
    /Library/Ruby/Gems/1.8/gems/eventmachine-0.12.8/lib/pr_eventmachine.rb:550:in `eventable_read'
    /Library/Ruby/Gems/1.8/gems/eventmachine-0.12.8/lib/pr_eventmachine.rb:548:in `times'
    /Library/Ruby/Gems/1.8/gems/eventmachine-0.12.8/lib/pr_eventmachine.rb:548:in `eventable_read'
    (__FORWARDABLE__):3:in `__send__'
    (__FORWARDABLE__):3:in `eventable_read'
    /Library/Ruby/Gems/1.8/gems/eventmachine-0.12.8/lib/pr_eventmachine.rb:369:in `crank_selectables'
    /Library/Ruby/Gems/1.8/gems/eventmachine-0.12.8/lib/pr_eventmachine.rb:369:in `each'
    /Library/Ruby/Gems/1.8/gems/eventmachine-0.12.8/lib/pr_eventmachine.rb:369:in `crank_selectables'
    /Library/Ruby/Gems/1.8/gems/eventmachine-0.12.8/lib/pr_eventmachine.rb:324:in `run'
    /Library/Ruby/Gems/1.8/gems/eventmachine-0.12.8/lib/pr_eventmachine.rb:318:in `loop'
    /Library/Ruby/Gems/1.8/gems/eventmachine-0.12.8/lib/pr_eventmachine.rb:318:in `run'
    /Library/Ruby/Gems/1.8/gems/eventmachine-0.12.8/lib/pr_eventmachine.rb:64:in `run_machine'
    /Library/Ruby/Gems/1.8/gems/eventmachine-0.12.8/lib/eventmachine.rb:242:in `run'
    /Library/Ruby/Gems/1.8/gems/thin-1.2.7/lib/thin/backends/base.rb:57:in `start'
    /Library/Ruby/Gems/1.8/gems/thin-1.2.7/lib/thin/server.rb:156:in `start'
    /System/Library/Frameworks/Ruby.framework/Versions/1.8/usr/lib/ruby/gems/1.8/gems/rack-1.0.1/lib/rack/handler/thin.rb:14:in `run'
    /Users/petertran/.gem/ruby/1.8/gems/rails-2.3.5/lib/commands/server.rb:111
    /Library/Ruby/Site/1.8/rubygems/custom_require.rb:31:in `gem_original_require'
    /Library/Ruby/Site/1.8/rubygems/custom_require.rb:31:in `require'
    script/server:3
/!\ FAILSAFE /!\  Tue Jan 04 15:31:04 -0800 2011
  Status: 500 Internal Server Error
  Unknown database 'user_authentication_demo_development'
    /System/Library/Frameworks/Ruby.framework/Versions/1.8/usr/lib/ruby/gems/1.8/gems/activerecord-2.3.5/lib/active_record/connection_adapters/mysql_adapter.rb:589:in `real_connect'
    /System/Library/Frameworks/Ruby.framework/Versions/1.8/usr/lib/ruby/gems/1.8/gems/activerecord-2.3.5/lib/active_record/connection_adapters/mysql_adapter.rb:589:in `connect'
    /System/Library/Frameworks/Ruby.framework/Versions/1.8/usr/lib/ruby/gems/1.8/gems/activerecord-2.3.5/lib/active_record/connection_adapters/mysql_adapter.rb:203:in `initialize'
    /System/Library/Frameworks/Ruby.framework/Versions/1.8/usr/lib/ruby/gems/1.8/gems/activerecord-2.3.5/lib/active_record/connection_adapters/mysql_adapter.rb:75:in `new'
    /System/Library/Frameworks/Ruby.framework/Versions/1.8/usr/lib/ruby/gems/1.8/gems/activerecord-2.3.5/lib/active_record/connection_adapters/mysql_adapter.rb:75:in `mysql_connection'
    /System/Library/Frameworks/Ruby.framework/Versions/1.8/usr/lib/ruby/gems/1.8/gems/activerecord-2.3.5/lib/active_record/connection_adapters/abstract/connection_pool.rb:223:in `send'
    /System/Library/Frameworks/Ruby.framework/Versions/1.8/usr/lib/ruby/gems/1.8/gems/activerecord-2.3.5/lib/active_record/connection_adapters/abstract/connection_pool.rb:223:in `new_connection'
    /System/Library/Frameworks/Ruby.framework/Versions/1.8/usr/lib/ruby/gems/1.8/gems/activerecord-2.3.5/lib/active_record/connection_adapters/abstract/connection_pool.rb:245:in `checkout_new_connection'
    /System/Library/Frameworks/Ruby.framework/Versions/1.8/usr/lib/ruby/gems/1.8/gems/activerecord-2.3.5/lib/active_record/connection_adapters/abstract/connection_pool.rb:188:in `checkout'
    /System/Library/Frameworks/Ruby.framework/Versions/1.8/usr/lib/ruby/gems/1.8/gems/activerecord-2.3.5/lib/active_record/connection_adapters/abstract/connection_pool.rb:184:in `loop'
    /System/Library/Frameworks/Ruby.framework/Versions/1.8/usr/lib/ruby/gems/1.8/gems/activerecord-2.3.5/lib/active_record/connection_adapters/abstract/connection_pool.rb:184:in `checkout'
    /System/Library/Frameworks/Ruby.framework/Versions/1.8/usr/lib/ruby/1.8/monitor.rb:242:in `synchronize'
    /System/Library/Frameworks/Ruby.framework/Versions/1.8/usr/lib/ruby/gems/1.8/gems/activerecord-2.3.5/lib/active_record/connection_adapters/abstract/connection_pool.rb:183:in `checkout'
    /System/Library/Frameworks/Ruby.framework/Versions/1.8/usr/lib/ruby/gems/1.8/gems/activerecord-2.3.5/lib/active_record/connection_adapters/abstract/connection_pool.rb:98:in `connection'
    /System/Library/Frameworks/Ruby.framework/Versions/1.8/usr/lib/ruby/gems/1.8/gems/activerecord-2.3.5/lib/active_record/connection_adapters/abstract/connection_pool.rb:326:in `retrieve_connection'
    /System/Library/Frameworks/Ruby.framework/Versions/1.8/usr/lib/ruby/gems/1.8/gems/activerecord-2.3.5/lib/active_record/connection_adapters/abstract/connection_specification.rb:123:in `retrieve_connection'
    /System/Library/Frameworks/Ruby.framework/Versions/1.8/usr/lib/ruby/gems/1.8/gems/activerecord-2.3.5/lib/active_record/connection_adapters/abstract/connection_specification.rb:115:in `connection'
    /System/Library/Frameworks/Ruby.framework/Versions/1.8/usr/lib/ruby/gems/1.8/gems/activerecord-2.3.5/lib/active_record/query_cache.rb:9:in `cache'
    /System/Library/Frameworks/Ruby.framework/Versions/1.8/usr/lib/ruby/gems/1.8/gems/activerecord-2.3.5/lib/active_record/query_cache.rb:28:in `call'
    /System/Library/Frameworks/Ruby.framework/Versions/1.8/usr/lib/ruby/gems/1.8/gems/activerecord-2.3.5/lib/active_record/connection_adapters/abstract/connection_pool.rb:361:in `call'
    /System/Library/Frameworks/Ruby.framework/Versions/1.8/usr/lib/ruby/gems/1.8/gems/actionpack-2.3.5/lib/action_controller/string_coercion.rb:25:in `call'
    /System/Library/Frameworks/Ruby.framework/Versions/1.8/usr/lib/ruby/gems/1.8/gems/rack-1.0.1/lib/rack/head.rb:9:in `call'
    /System/Library/Frameworks/Ruby.framework/Versions/1.8/usr/lib/ruby/gems/1.8/gems/rack-1.0.1/lib/rack/methodoverride.rb:24:in `call'
    /System/Library/Frameworks/Ruby.framework/Versions/1.8/usr/lib/ruby/gems/1.8/gems/actionpack-2.3.5/lib/action_controller/params_parser.rb:15:in `call'
    /System/Library/Frameworks/Ruby.framework/Versions/1.8/usr/lib/ruby/gems/1.8/gems/actionpack-2.3.5/lib/action_controller/session/cookie_store.rb:93:in `call'
    /System/Library/Frameworks/Ruby.framework/Versions/1.8/usr/lib/ruby/gems/1.8/gems/actionpack-2.3.5/lib/action_controller/failsafe.rb:26:in `call'
    /System/Library/Frameworks/Ruby.framework/Versions/1.8/usr/lib/ruby/gems/1.8/gems/rack-1.0.1/lib/rack/lock.rb:11:in `call'
    /System/Library/Frameworks/Ruby.framework/Versions/1.8/usr/lib/ruby/gems/1.8/gems/rack-1.0.1/lib/rack/lock.rb:11:in `synchronize'
    /System/Library/Frameworks/Ruby.framework/Versions/1.8/usr/lib/ruby/gems/1.8/gems/rack-1.0.1/lib/rack/lock.rb:11:in `call'
    /System/Library/Frameworks/Ruby.framework/Versions/1.8/usr/lib/ruby/gems/1.8/gems/actionpack-2.3.5/lib/action_controller/dispatcher.rb:114:in `call'
    /System/Library/Frameworks/Ruby.framework/Versions/1.8/usr/lib/ruby/gems/1.8/gems/actionpack-2.3.5/lib/action_controller/reloader.rb:34:in `run'
    /System/Library/Frameworks/Ruby.framework/Versions/1.8/usr/lib/ruby/gems/1.8/gems/actionpack-2.3.5/lib/action_controller/dispatcher.rb:108:in `call'
    /Users/petertran/.gem/ruby/1.8/gems/rails-2.3.5/lib/rails/rack/static.rb:31:in `call'
    /System/Library/Frameworks/Ruby.framework/Versions/1.8/usr/lib/ruby/gems/1.8/gems/rack-1.0.1/lib/rack/urlmap.rb:46:in `call'
    /System/Library/Frameworks/Ruby.framework/Versions/1.8/usr/lib/ruby/gems/1.8/gems/rack-1.0.1/lib/rack/urlmap.rb:40:in `each'
    /System/Library/Frameworks/Ruby.framework/Versions/1.8/usr/lib/ruby/gems/1.8/gems/rack-1.0.1/lib/rack/urlmap.rb:40:in `call'
    /Users/petertran/.gem/ruby/1.8/gems/rails-2.3.5/lib/rails/rack/log_tailer.rb:17:in `call'
    /System/Library/Frameworks/Ruby.framework/Versions/1.8/usr/lib/ruby/gems/1.8/gems/rack-1.0.1/lib/rack/content_length.rb:13:in `call'
    /System/Library/Frameworks/Ruby.framework/Versions/1.8/usr/lib/ruby/gems/1.8/gems/rack-1.0.1/lib/rack/chunked.rb:15:in `call'
    /Library/Ruby/Gems/1.8/gems/thin-1.2.7/lib/thin/connection.rb:76:in `pre_process'
    /Library/Ruby/Gems/1.8/gems/thin-1.2.7/lib/thin/connection.rb:74:in `catch'
    /Library/Ruby/Gems/1.8/gems/thin-1.2.7/lib/thin/connection.rb:74:in `pre_process'
    /Library/Ruby/Gems/1.8/gems/thin-1.2.7/lib/thin/connection.rb:57:in `process'
    /Library/Ruby/Gems/1.8/gems/thin-1.2.7/lib/thin/connection.rb:42:in `receive_data'
    /Library/Ruby/Gems/1.8/gems/eventmachine-0.12.8/lib/eventmachine.rb:1506:in `event_callback'
    /Library/Ruby/Gems/1.8/gems/eventmachine-0.12.8/lib/pr_eventmachine.rb:550:in `eventable_read'
    /Library/Ruby/Gems/1.8/gems/eventmachine-0.12.8/lib/pr_eventmachine.rb:548:in `times'
    /Library/Ruby/Gems/1.8/gems/eventmachine-0.12.8/lib/pr_eventmachine.rb:548:in `eventable_read'
    (__FORWARDABLE__):3:in `__send__'
    (__FORWARDABLE__):3:in `eventable_read'
    /Library/Ruby/Gems/1.8/gems/eventmachine-0.12.8/lib/pr_eventmachine.rb:369:in `crank_selectables'
    /Library/Ruby/Gems/1.8/gems/eventmachine-0.12.8/lib/pr_eventmachine.rb:369:in `each'
    /Library/Ruby/Gems/1.8/gems/eventmachine-0.12.8/lib/pr_eventmachine.rb:369:in `crank_selectables'
    /Library/Ruby/Gems/1.8/gems/eventmachine-0.12.8/lib/pr_eventmachine.rb:324:in `run'
    /Library/Ruby/Gems/1.8/gems/eventmachine-0.12.8/lib/pr_eventmachine.rb:318:in `loop'
    /Library/Ruby/Gems/1.8/gems/eventmachine-0.12.8/lib/pr_eventmachine.rb:318:in `run'
    /Library/Ruby/Gems/1.8/gems/eventmachine-0.12.8/lib/pr_eventmachine.rb:64:in `run_machine'
    /Library/Ruby/Gems/1.8/gems/eventmachine-0.12.8/lib/eventmachine.rb:242:in `run'
    /Library/Ruby/Gems/1.8/gems/thin-1.2.7/lib/thin/backends/base.rb:57:in `start'
    /Library/Ruby/Gems/1.8/gems/thin-1.2.7/lib/thin/server.rb:156:in `start'
    /System/Library/Frameworks/Ruby.framework/Versions/1.8/usr/lib/ruby/gems/1.8/gems/rack-1.0.1/lib/rack/handler/thin.rb:14:in `run'
    /Users/petertran/.gem/ruby/1.8/gems/rails-2.3.5/lib/commands/server.rb:111
    /Library/Ruby/Site/1.8/rubygems/custom_require.rb:31:in `gem_original_require'
    /Library/Ruby/Site/1.8/rubygems/custom_require.rb:31:in `require'
    script/server:3
  [4;36;1mSQL (0.2ms)[0m   [0;1mSET SQL_AUTO_IS_NULL=0[0m


Processing HomeController#index (for 127.0.0.1 at 2011-01-04 15:31:34) [GET]
Rendering home/index
Completed in 7ms (View: 6, DB: 0) | 200 OK [http://localhost/home]
  [4;36;1mSQL (0.2ms)[0m   [0;1mSET SQL_AUTO_IS_NULL=0[0m


Processing HomeController#index (for 127.0.0.1 at 2011-01-04 15:36:58) [GET]
Rendering template within layouts/application
Rendering home/index
Completed in 42ms (View: 41, DB: 0) | 200 OK [http://localhost/home]
  [4;35;1mSQL (0.1ms)[0m   [0mSET SQL_AUTO_IS_NULL=0[0m


Processing UsersController#new (for 127.0.0.1 at 2011-01-04 15:37:26) [GET]
  [4;36;1mSQL (0.5ms)[0m   [0;1mSHOW TABLES[0m
  [4;35;1mSQL (0.4ms)[0m   [0mSHOW TABLES[0m

NameError (undefined local variable or method `acts_as_authentic' for User(Table doesn't exist):Class):
  app/models/user.rb:2
  app/controllers/users_controller.rb:3:in `new'
  thin (1.2.7) lib/thin/connection.rb:76:in `pre_process'
  thin (1.2.7) lib/thin/connection.rb:74:in `catch'
  thin (1.2.7) lib/thin/connection.rb:74:in `pre_process'
  thin (1.2.7) lib/thin/connection.rb:57:in `process'
  thin (1.2.7) lib/thin/connection.rb:42:in `receive_data'
  eventmachine (0.12.8) lib/eventmachine.rb:1506:in `event_callback'
  eventmachine (0.12.8) lib/pr_eventmachine.rb:550:in `eventable_read'
  eventmachine (0.12.8) lib/pr_eventmachine.rb:548:in `times'
  eventmachine (0.12.8) lib/pr_eventmachine.rb:548:in `eventable_read'
  (__FORWARDABLE__):3:in `__send__'
  (__FORWARDABLE__):3:in `eventable_read'
  eventmachine (0.12.8) lib/pr_eventmachine.rb:369:in `crank_selectables'
  eventmachine (0.12.8) lib/pr_eventmachine.rb:369:in `each'
  eventmachine (0.12.8) lib/pr_eventmachine.rb:369:in `crank_selectables'
  eventmachine (0.12.8) lib/pr_eventmachine.rb:324:in `run'
  eventmachine (0.12.8) lib/pr_eventmachine.rb:318:in `loop'
  eventmachine (0.12.8) lib/pr_eventmachine.rb:318:in `run'
  eventmachine (0.12.8) lib/pr_eventmachine.rb:64:in `run_machine'
  eventmachine (0.12.8) lib/eventmachine.rb:242:in `run'
  thin (1.2.7) lib/thin/backends/base.rb:57:in `start'
  thin (1.2.7) lib/thin/server.rb:156:in `start'

Rendered rescues/_trace (93.6ms)
Rendered rescues/_request_and_response (0.9ms)
Rendering rescues/layout (internal_server_error)
  [4;36;1mSQL (0.1ms)[0m   [0;1mSET SQL_AUTO_IS_NULL=0[0m


Processing UsersController#new (for 127.0.0.1 at 2011-01-04 15:38:02) [GET]
  [4;35;1mSQL (0.3ms)[0m   [0mSHOW TABLES[0m
  [4;36;1mSQL (0.4ms)[0m   [0;1mSHOW TABLES[0m

NameError (undefined local variable or method `acts_as_authentic' for User(Table doesn't exist):Class):
  app/models/user.rb:2
  app/controllers/users_controller.rb:3:in `new'
  thin (1.2.7) lib/thin/connection.rb:76:in `pre_process'
  thin (1.2.7) lib/thin/connection.rb:74:in `catch'
  thin (1.2.7) lib/thin/connection.rb:74:in `pre_process'
  thin (1.2.7) lib/thin/connection.rb:57:in `process'
  thin (1.2.7) lib/thin/connection.rb:42:in `receive_data'
  eventmachine (0.12.8) lib/eventmachine.rb:1506:in `event_callback'
  eventmachine (0.12.8) lib/pr_eventmachine.rb:550:in `eventable_read'
  eventmachine (0.12.8) lib/pr_eventmachine.rb:548:in `times'
  eventmachine (0.12.8) lib/pr_eventmachine.rb:548:in `eventable_read'
  (__FORWARDABLE__):3:in `__send__'
  (__FORWARDABLE__):3:in `eventable_read'
  eventmachine (0.12.8) lib/pr_eventmachine.rb:369:in `crank_selectables'
  eventmachine (0.12.8) lib/pr_eventmachine.rb:369:in `each'
  eventmachine (0.12.8) lib/pr_eventmachine.rb:369:in `crank_selectables'
  eventmachine (0.12.8) lib/pr_eventmachine.rb:324:in `run'
  eventmachine (0.12.8) lib/pr_eventmachine.rb:318:in `loop'
  eventmachine (0.12.8) lib/pr_eventmachine.rb:318:in `run'
  eventmachine (0.12.8) lib/pr_eventmachine.rb:64:in `run_machine'
  eventmachine (0.12.8) lib/eventmachine.rb:242:in `run'
  thin (1.2.7) lib/thin/backends/base.rb:57:in `start'
  thin (1.2.7) lib/thin/server.rb:156:in `start'

Rendered rescues/_trace (34.3ms)
Rendered rescues/_request_and_response (0.3ms)
Rendering rescues/layout (internal_server_error)
  [4;36;1mSQL (0.2ms)[0m   [0;1mSET SQL_AUTO_IS_NULL=0[0m


Processing UsersController#new (for 127.0.0.1 at 2011-01-04 15:38:14) [GET]
  [4;35;1mUser Columns (0.0ms)[0m   [0mMysql::Error: Table 'user_authentication_demo_development.users' doesn't exist: SHOW FIELDS FROM `users`[0m
  [4;36;1mUser Columns (0.0ms)[0m   [0;1mMysql::Error: Table 'user_authentication_demo_development.users' doesn't exist: SHOW FIELDS FROM `users`[0m

ActiveRecord::StatementInvalid (Mysql::Error: Table 'user_authentication_demo_development.users' doesn't exist: SHOW FIELDS FROM `users`):
  app/controllers/users_controller.rb:3:in `new'
  app/controllers/users_controller.rb:3:in `new'
  thin (1.2.7) lib/thin/connection.rb:76:in `pre_process'
  thin (1.2.7) lib/thin/connection.rb:74:in `catch'
  thin (1.2.7) lib/thin/connection.rb:74:in `pre_process'
  thin (1.2.7) lib/thin/connection.rb:57:in `process'
  thin (1.2.7) lib/thin/connection.rb:42:in `receive_data'
  eventmachine (0.12.8) lib/eventmachine.rb:1506:in `event_callback'
  eventmachine (0.12.8) lib/pr_eventmachine.rb:550:in `eventable_read'
  eventmachine (0.12.8) lib/pr_eventmachine.rb:548:in `times'
  eventmachine (0.12.8) lib/pr_eventmachine.rb:548:in `eventable_read'
  (__FORWARDABLE__):3:in `__send__'
  (__FORWARDABLE__):3:in `eventable_read'
  eventmachine (0.12.8) lib/pr_eventmachine.rb:369:in `crank_selectables'
  eventmachine (0.12.8) lib/pr_eventmachine.rb:369:in `each'
  eventmachine (0.12.8) lib/pr_eventmachine.rb:369:in `crank_selectables'
  eventmachine (0.12.8) lib/pr_eventmachine.rb:324:in `run'
  eventmachine (0.12.8) lib/pr_eventmachine.rb:318:in `loop'
  eventmachine (0.12.8) lib/pr_eventmachine.rb:318:in `run'
  eventmachine (0.12.8) lib/pr_eventmachine.rb:64:in `run_machine'
  eventmachine (0.12.8) lib/eventmachine.rb:242:in `run'
  thin (1.2.7) lib/thin/backends/base.rb:57:in `start'
  thin (1.2.7) lib/thin/server.rb:156:in `start'

Rendered rescues/_trace (89.7ms)
Rendered rescues/_request_and_response (0.9ms)
Rendering rescues/layout (internal_server_error)
  [4;36;1mSQL (0.2ms)[0m   [0;1mSET SQL_AUTO_IS_NULL=0[0m
  [4;35;1mSQL (0.2ms)[0m   [0mSHOW TABLES[0m
  [4;36;1mSQL (45.5ms)[0m   [0;1mCREATE TABLE `schema_migrations` (`version` varchar(255) NOT NULL) ENGINE=InnoDB[0m
  [4;35;1mSQL (199.5ms)[0m   [0mCREATE UNIQUE INDEX `unique_schema_migrations` ON `schema_migrations` (`version`)[0m
  [4;36;1mSQL (0.4ms)[0m   [0;1mSHOW TABLES[0m
  [4;35;1mSQL (0.3ms)[0m   [0mSELECT version FROM schema_migrations[0m
Migrating to CreateUsers (20110104233213)
  [4;36;1mSQL (76.6ms)[0m   [0;1mCREATE TABLE `users` (`id` int(11) DEFAULT NULL auto_increment PRIMARY KEY, `username` varchar(255), `email` varchar(255), `crypted_password` varchar(255), `password_salt` varchar(255), `persistence_token` varchar(255), `created_at` datetime, `updated_at` datetime) ENGINE=InnoDB[0m
  [4;35;1mSQL (0.2ms)[0m   [0mINSERT INTO schema_migrations (version) VALUES ('20110104233213')[0m
  [4;36;1mSQL (0.3ms)[0m   [0;1mSHOW TABLES[0m
  [4;35;1mSQL (0.2ms)[0m   [0mSELECT version FROM schema_migrations[0m
  [4;36;1mSQL (0.2ms)[0m   [0;1mSHOW TABLES[0m
  [4;35;1mSQL (1.4ms)[0m   [0mSHOW FIELDS FROM `users`[0m
  [4;36;1mSQL (0.9ms)[0m   [0;1mdescribe `users`[0m
  [4;35;1mSQL (0.2ms)[0m   [0mSHOW KEYS FROM `users`[0m
  [4;35;1mSQL (0.1ms)[0m   [0mSET SQL_AUTO_IS_NULL=0[0m


Processing UsersController#new (for 127.0.0.1 at 2011-01-04 15:38:31) [GET]
  [4;36;1mUser Columns (1.2ms)[0m   [0;1mSHOW FIELDS FROM `users`[0m
Rendering template within layouts/application
Rendering users/new
Rendered users/_user (11.6ms)
Completed in 33ms (View: 26, DB: 1) | 200 OK [http://localhost/users/new]
  [4;35;1mSQL (0.1ms)[0m   [0mSET SQL_AUTO_IS_NULL=0[0m


Processing UsersController#create (for 127.0.0.1 at 2011-01-04 15:38:47) [POST]
  Parameters: {"commit"=>"Submit", "authenticity_token"=>"rYm5XQtBEuFKCR60UuDEa77PAfBX4rlO+te1/3MRjkc=", "user"=>{"password_confirmation"=>"1234", "username"=>"proc", "password"=>"1234", "email"=>"proc.com@gmail.com"}}
  [4;36;1mUser Columns (3.6ms)[0m   [0;1mSHOW FIELDS FROM `users`[0m
  [4;35;1mSQL (0.2ms)[0m   [0mBEGIN[0m
  [4;36;1mUser Load (0.5ms)[0m   [0;1mSELECT `users`.id FROM `users` WHERE (LOWER(`users`.`email`) = BINARY 'proc.com@gmail.com') LIMIT 1[0m
  [4;35;1mUser Load (0.2ms)[0m   [0mSELECT `users`.id FROM `users` WHERE (LOWER(`users`.`username`) = BINARY 'proc') LIMIT 1[0m
  [4;36;1mUser Load (0.1ms)[0m   [0;1mSELECT `users`.id FROM `users` WHERE (`users`.`persistence_token` = BINARY '36f1d2972a03046b2e26e89ce8e085fc81818afb7d3a81fff61a915f862ce8aea7fb77bd8972c0b2e71e09c85393b36f979bd7e6f502993504678827110ca62d') LIMIT 1[0m
  [4;35;1mUser Create (0.3ms)[0m   [0mINSERT INTO `users` (`created_at`, `crypted_password`, `updated_at`, `username`, `password_salt`, `persistence_token`, `email`) VALUES('2011-01-04 23:38:47', 'fbb715d2983c3e330e83e31df4b7e1fad77ce7f4b221d6969e331364ef76288d6e5b8a09978f3239da7ea6bc5e80675f4fc7dab3d865db5ead8915e767cfae98', '2011-01-04 23:38:47', 'proc', 'IvFilFjUhYZlEbIln4x', '36f1d2972a03046b2e26e89ce8e085fc81818afb7d3a81fff61a915f862ce8aea7fb77bd8972c0b2e71e09c85393b36f979bd7e6f502993504678827110ca62d', 'proc.com@gmail.com')[0m
  [4;36;1mSQL (0.3ms)[0m   [0;1mCOMMIT[0m
Redirected to http://localhost:3000/blog
Completed in 200ms (DB: 5) | 302 Found [http://localhost/users]
  [4;35;1mSQL (0.2ms)[0m   [0mSET SQL_AUTO_IS_NULL=0[0m


Processing ApplicationController#index (for 127.0.0.1 at 2011-01-04 15:38:47) [GET]

ActionController::RoutingError (No route matches "/blog" with {:method=>:get}):
  thin (1.2.7) lib/thin/connection.rb:76:in `pre_process'
  thin (1.2.7) lib/thin/connection.rb:74:in `catch'
  thin (1.2.7) lib/thin/connection.rb:74:in `pre_process'
  thin (1.2.7) lib/thin/connection.rb:57:in `process'
  thin (1.2.7) lib/thin/connection.rb:42:in `receive_data'
  eventmachine (0.12.8) lib/eventmachine.rb:1506:in `event_callback'
  eventmachine (0.12.8) lib/pr_eventmachine.rb:550:in `eventable_read'
  eventmachine (0.12.8) lib/pr_eventmachine.rb:548:in `times'
  eventmachine (0.12.8) lib/pr_eventmachine.rb:548:in `eventable_read'
  (__FORWARDABLE__):3:in `__send__'
  (__FORWARDABLE__):3:in `eventable_read'
  eventmachine (0.12.8) lib/pr_eventmachine.rb:369:in `crank_selectables'
  eventmachine (0.12.8) lib/pr_eventmachine.rb:369:in `each'
  eventmachine (0.12.8) lib/pr_eventmachine.rb:369:in `crank_selectables'
  eventmachine (0.12.8) lib/pr_eventmachine.rb:324:in `run'
  eventmachine (0.12.8) lib/pr_eventmachine.rb:318:in `loop'
  eventmachine (0.12.8) lib/pr_eventmachine.rb:318:in `run'
  eventmachine (0.12.8) lib/pr_eventmachine.rb:64:in `run_machine'
  eventmachine (0.12.8) lib/eventmachine.rb:242:in `run'
  thin (1.2.7) lib/thin/backends/base.rb:57:in `start'
  thin (1.2.7) lib/thin/server.rb:156:in `start'

Rendering rescues/layout (not_found)
  [4;36;1mSQL (0.1ms)[0m   [0;1mSET SQL_AUTO_IS_NULL=0[0m


Processing ApplicationController#index (for 127.0.0.1 at 2011-01-04 15:39:04) [GET]

ActionController::RoutingError (No route matches "/blog" with {:method=>:get}):
  thin (1.2.7) lib/thin/connection.rb:76:in `pre_process'
  thin (1.2.7) lib/thin/connection.rb:74:in `catch'
  thin (1.2.7) lib/thin/connection.rb:74:in `pre_process'
  thin (1.2.7) lib/thin/connection.rb:57:in `process'
  thin (1.2.7) lib/thin/connection.rb:42:in `receive_data'
  eventmachine (0.12.8) lib/eventmachine.rb:1506:in `event_callback'
  eventmachine (0.12.8) lib/pr_eventmachine.rb:550:in `eventable_read'
  eventmachine (0.12.8) lib/pr_eventmachine.rb:548:in `times'
  eventmachine (0.12.8) lib/pr_eventmachine.rb:548:in `eventable_read'
  (__FORWARDABLE__):3:in `__send__'
  (__FORWARDABLE__):3:in `eventable_read'
  eventmachine (0.12.8) lib/pr_eventmachine.rb:369:in `crank_selectables'
  eventmachine (0.12.8) lib/pr_eventmachine.rb:369:in `each'
  eventmachine (0.12.8) lib/pr_eventmachine.rb:369:in `crank_selectables'
  eventmachine (0.12.8) lib/pr_eventmachine.rb:324:in `run'
  eventmachine (0.12.8) lib/pr_eventmachine.rb:318:in `loop'
  eventmachine (0.12.8) lib/pr_eventmachine.rb:318:in `run'
  eventmachine (0.12.8) lib/pr_eventmachine.rb:64:in `run_machine'
  eventmachine (0.12.8) lib/eventmachine.rb:242:in `run'
  thin (1.2.7) lib/thin/backends/base.rb:57:in `start'
  thin (1.2.7) lib/thin/server.rb:156:in `start'

Rendering rescues/layout (not_found)
  [4;35;1mSQL (0.1ms)[0m   [0mSET SQL_AUTO_IS_NULL=0[0m


Processing HomeController#index (for 127.0.0.1 at 2011-01-04 15:39:07) [GET]
Rendering template within layouts/application
Rendering home/index
Completed in 6ms (View: 5, DB: 0) | 200 OK [http://localhost/home]
  [4;36;1mSQL (0.1ms)[0m   [0;1mSET SQL_AUTO_IS_NULL=0[0m


Processing HomeController#index (for 127.0.0.1 at 2011-01-04 15:42:50) [GET]
Rendering template within layouts/application
Rendering home/index
Completed in 5ms (View: 4, DB: 0) | 200 OK [http://localhost/home]
  [4;35;1mSQL (0.1ms)[0m   [0mSET SQL_AUTO_IS_NULL=0[0m


Processing UserSessionsController#new (for 127.0.0.1 at 2011-01-04 15:42:51) [GET]
  [4;36;1mUser Columns (1.4ms)[0m   [0;1mSHOW FIELDS FROM `users`[0m
Rendering template within layouts/application
Rendering user_sessions/new
Completed in 14ms (View: 6, DB: 1) | 200 OK [http://localhost/login]
  [4;35;1mSQL (0.1ms)[0m   [0mSET SQL_AUTO_IS_NULL=0[0m


Processing UserSessionsController#create (for 127.0.0.1 at 2011-01-04 15:42:56) [POST]
  Parameters: {"commit"=>"Submit", "user_session"=>{"username"=>"proc", "password"=>"1234"}, "authenticity_token"=>"rYm5XQtBEuFKCR60UuDEa77PAfBX4rlO+te1/3MRjkc="}
  [4;36;1mUser Columns (1.2ms)[0m   [0;1mSHOW FIELDS FROM `users`[0m
  [4;35;1mUser Load (0.5ms)[0m   [0mSELECT * FROM `users` WHERE (LOWER(`users`.username) = 'proc') LIMIT 1[0m
Redirected to http://localhost:3000/home
Completed in 12ms (DB: 2) | 302 Found [http://localhost/user_sessions]
  [4;36;1mSQL (0.3ms)[0m   [0;1mSET SQL_AUTO_IS_NULL=0[0m


Processing HomeController#index (for 127.0.0.1 at 2011-01-04 15:42:56) [GET]
Rendering template within layouts/application
Rendering home/index
Completed in 2ms (View: 1, DB: 0) | 200 OK [http://localhost/home]
  [4;35;1mSQL (0.1ms)[0m   [0mSET SQL_AUTO_IS_NULL=0[0m


Processing HomeController#index (for 127.0.0.1 at 2011-01-04 15:43:24) [GET]
Rendering template within layouts/application
Rendering home/index

ActionView::TemplateError (undefined local variable or method `current_user' for #<ActionView::Base:0x10327b0d8>) on line #1 of app/views/layouts/application.html.erb:
1: <% if current_user %>  
2:      <%= link_to "Edit profile", edit_user_path(:current) %>  
3:      <%= link_to "Logout", logout_path %>  
4:    <% else %>  

    app/views/layouts/application.html.erb:1
    thin (1.2.7) lib/thin/connection.rb:76:in `pre_process'
    thin (1.2.7) lib/thin/connection.rb:74:in `catch'
    thin (1.2.7) lib/thin/connection.rb:74:in `pre_process'
    thin (1.2.7) lib/thin/connection.rb:57:in `process'
    thin (1.2.7) lib/thin/connection.rb:42:in `receive_data'
    eventmachine (0.12.8) lib/eventmachine.rb:1506:in `event_callback'
    eventmachine (0.12.8) lib/pr_eventmachine.rb:550:in `eventable_read'
    eventmachine (0.12.8) lib/pr_eventmachine.rb:548:in `times'
    eventmachine (0.12.8) lib/pr_eventmachine.rb:548:in `eventable_read'
    (__FORWARDABLE__):3:in `__send__'
    (__FORWARDABLE__):3:in `eventable_read'
    eventmachine (0.12.8) lib/pr_eventmachine.rb:369:in `crank_selectables'
    eventmachine (0.12.8) lib/pr_eventmachine.rb:369:in `each'
    eventmachine (0.12.8) lib/pr_eventmachine.rb:369:in `crank_selectables'
    eventmachine (0.12.8) lib/pr_eventmachine.rb:324:in `run'
    eventmachine (0.12.8) lib/pr_eventmachine.rb:318:in `loop'
    eventmachine (0.12.8) lib/pr_eventmachine.rb:318:in `run'
    eventmachine (0.12.8) lib/pr_eventmachine.rb:64:in `run_machine'
    eventmachine (0.12.8) lib/eventmachine.rb:242:in `run'
    thin (1.2.7) lib/thin/backends/base.rb:57:in `start'
    thin (1.2.7) lib/thin/server.rb:156:in `start'

Rendered rescues/_trace (86.9ms)
Rendered rescues/_request_and_response (0.3ms)
Rendering rescues/layout (internal_server_error)
  [4;36;1mSQL (0.2ms)[0m   [0;1mSET SQL_AUTO_IS_NULL=0[0m


Processing HomeController#index (for 127.0.0.1 at 2011-01-04 15:43:42) [GET]
Rendering template within layouts/application
Rendering home/index
  [4;35;1mUser Columns (1.2ms)[0m   [0mSHOW FIELDS FROM `users`[0m
  [4;36;1mUser Load (0.3ms)[0m   [0;1mSELECT * FROM `users` WHERE (`users`.`id` = '1') LIMIT 1[0m
Completed in 13ms (View: 10, DB: 2) | 200 OK [http://localhost/home]
  [4;35;1mSQL (0.1ms)[0m   [0mSET SQL_AUTO_IS_NULL=0[0m


Processing UsersController#edit (for 127.0.0.1 at 2011-01-04 15:44:49) [GET]
  Parameters: {"id"=>"current"}
Rendering template within layouts/application
Rendering users/edit

ActionView::TemplateError (You have a nil object when you didn't expect it!
You might have expected an instance of Array.
The error occurred while evaluating nil.include?) on line #1 of app/views/users/edit.html.erb:
1: <%= render @user %>

    app/views/users/edit.html.erb:1
    thin (1.2.7) lib/thin/connection.rb:76:in `pre_process'
    thin (1.2.7) lib/thin/connection.rb:74:in `catch'
    thin (1.2.7) lib/thin/connection.rb:74:in `pre_process'
    thin (1.2.7) lib/thin/connection.rb:57:in `process'
    thin (1.2.7) lib/thin/connection.rb:42:in `receive_data'
    eventmachine (0.12.8) lib/eventmachine.rb:1506:in `event_callback'
    eventmachine (0.12.8) lib/pr_eventmachine.rb:550:in `eventable_read'
    eventmachine (0.12.8) lib/pr_eventmachine.rb:548:in `times'
    eventmachine (0.12.8) lib/pr_eventmachine.rb:548:in `eventable_read'
    (__FORWARDABLE__):3:in `__send__'
    (__FORWARDABLE__):3:in `eventable_read'
    eventmachine (0.12.8) lib/pr_eventmachine.rb:369:in `crank_selectables'
    eventmachine (0.12.8) lib/pr_eventmachine.rb:369:in `each'
    eventmachine (0.12.8) lib/pr_eventmachine.rb:369:in `crank_selectables'
    eventmachine (0.12.8) lib/pr_eventmachine.rb:324:in `run'
    eventmachine (0.12.8) lib/pr_eventmachine.rb:318:in `loop'
    eventmachine (0.12.8) lib/pr_eventmachine.rb:318:in `run'
    eventmachine (0.12.8) lib/pr_eventmachine.rb:64:in `run_machine'
    eventmachine (0.12.8) lib/eventmachine.rb:242:in `run'
    thin (1.2.7) lib/thin/backends/base.rb:57:in `start'
    thin (1.2.7) lib/thin/server.rb:156:in `start'

Rendered rescues/_trace (36.2ms)
Rendered rescues/_request_and_response (0.2ms)
Rendering rescues/layout (internal_server_error)
  [4;36;1mSQL (0.1ms)[0m   [0;1mSET SQL_AUTO_IS_NULL=0[0m


Processing HomeController#index (for 127.0.0.1 at 2011-01-04 15:44:58) [GET]
Rendering template within layouts/application
Rendering home/index
  [4;35;1mUser Columns (1.6ms)[0m   [0mSHOW FIELDS FROM `users`[0m
  [4;36;1mUser Load (0.3ms)[0m   [0;1mSELECT * FROM `users` WHERE (`users`.`id` = '1') LIMIT 1[0m
Completed in 13ms (View: 10, DB: 2) | 200 OK [http://localhost/home]
  [4;35;1mSQL (0.1ms)[0m   [0mSET SQL_AUTO_IS_NULL=0[0m


Processing UsersController#edit (for 127.0.0.1 at 2011-01-04 15:45:00) [GET]
  Parameters: {"id"=>"current"}
Rendering template within layouts/application
Rendering users/edit

ActionView::TemplateError (You have a nil object when you didn't expect it!
You might have expected an instance of Array.
The error occurred while evaluating nil.include?) on line #1 of app/views/users/edit.html.erb:
1: <%= render @user %>

    app/views/users/edit.html.erb:1
    thin (1.2.7) lib/thin/connection.rb:76:in `pre_process'
    thin (1.2.7) lib/thin/connection.rb:74:in `catch'
    thin (1.2.7) lib/thin/connection.rb:74:in `pre_process'
    thin (1.2.7) lib/thin/connection.rb:57:in `process'
    thin (1.2.7) lib/thin/connection.rb:42:in `receive_data'
    eventmachine (0.12.8) lib/eventmachine.rb:1506:in `event_callback'
    eventmachine (0.12.8) lib/pr_eventmachine.rb:550:in `eventable_read'
    eventmachine (0.12.8) lib/pr_eventmachine.rb:548:in `times'
    eventmachine (0.12.8) lib/pr_eventmachine.rb:548:in `eventable_read'
    (__FORWARDABLE__):3:in `__send__'
    (__FORWARDABLE__):3:in `eventable_read'
    eventmachine (0.12.8) lib/pr_eventmachine.rb:369:in `crank_selectables'
    eventmachine (0.12.8) lib/pr_eventmachine.rb:369:in `each'
    eventmachine (0.12.8) lib/pr_eventmachine.rb:369:in `crank_selectables'
    eventmachine (0.12.8) lib/pr_eventmachine.rb:324:in `run'
    eventmachine (0.12.8) lib/pr_eventmachine.rb:318:in `loop'
    eventmachine (0.12.8) lib/pr_eventmachine.rb:318:in `run'
    eventmachine (0.12.8) lib/pr_eventmachine.rb:64:in `run_machine'
    eventmachine (0.12.8) lib/eventmachine.rb:242:in `run'
    thin (1.2.7) lib/thin/backends/base.rb:57:in `start'
    thin (1.2.7) lib/thin/server.rb:156:in `start'

Rendered rescues/_trace (36.7ms)
Rendered rescues/_request_and_response (0.2ms)
Rendering rescues/layout (internal_server_error)
  [4;36;1mSQL (0.2ms)[0m   [0;1mSET SQL_AUTO_IS_NULL=0[0m


Processing HomeController#index (for 127.0.0.1 at 2011-01-04 15:45:44) [GET]
Rendering template within layouts/application
Rendering home/index
  [4;35;1mUser Columns (56.1ms)[0m   [0mSHOW FIELDS FROM `users`[0m
  [4;36;1mUser Load (0.1ms)[0m   [0;1mSELECT * FROM `users` WHERE (`users`.`id` = '1') LIMIT 1[0m
Completed in 141ms (View: 84, DB: 56) | 200 OK [http://localhost/home]
  [4;35;1mSQL (0.1ms)[0m   [0mSET SQL_AUTO_IS_NULL=0[0m


Processing UserSessionsController#destroy (for 127.0.0.1 at 2011-01-04 15:45:49) [GET]
  [4;36;1mUser Columns (1.5ms)[0m   [0;1mSHOW FIELDS FROM `users`[0m
  [4;35;1mUser Load (0.2ms)[0m   [0mSELECT * FROM `users` WHERE (`users`.`id` = '1') LIMIT 1[0m
Redirected to http://localhost:3000/home
Completed in 13ms (DB: 2) | 302 Found [http://localhost/logout]
  [4;36;1mSQL (0.1ms)[0m   [0;1mSET SQL_AUTO_IS_NULL=0[0m


Processing HomeController#index (for 127.0.0.1 at 2011-01-04 15:45:49) [GET]
Rendering template within layouts/application
Rendering home/index
  [4;35;1mUser Columns (1.2ms)[0m   [0mSHOW FIELDS FROM `users`[0m
Completed in 10ms (View: 8, DB: 1) | 200 OK [http://localhost/home]
  [4;36;1mSQL (0.1ms)[0m   [0;1mSET SQL_AUTO_IS_NULL=0[0m


Processing UserSessionsController#new (for 127.0.0.1 at 2011-01-04 15:45:50) [GET]
  [4;35;1mUser Columns (1.3ms)[0m   [0mSHOW FIELDS FROM `users`[0m
Rendering template within layouts/application
Rendering user_sessions/new
Completed in 16ms (View: 7, DB: 1) | 200 OK [http://localhost/login]
  [4;36;1mSQL (0.1ms)[0m   [0;1mSET SQL_AUTO_IS_NULL=0[0m


Processing UserSessionsController#create (for 127.0.0.1 at 2011-01-04 15:45:54) [POST]
  Parameters: {"commit"=>"Submit", "user_session"=>{"username"=>"proc", "password"=>"1234"}, "authenticity_token"=>"rYm5XQtBEuFKCR60UuDEa77PAfBX4rlO+te1/3MRjkc="}
  [4;35;1mUser Columns (1.2ms)[0m   [0mSHOW FIELDS FROM `users`[0m
  [4;36;1mUser Load (0.2ms)[0m   [0;1mSELECT * FROM `users` WHERE (LOWER(`users`.username) = 'proc') LIMIT 1[0m
Redirected to http://localhost:3000/home
Completed in 109ms (DB: 2) | 302 Found [http://localhost/user_sessions]
  [4;35;1mSQL (0.1ms)[0m   [0mSET SQL_AUTO_IS_NULL=0[0m


Processing HomeController#index (for 127.0.0.1 at 2011-01-04 15:45:55) [GET]
Rendering template within layouts/application
Rendering home/index
  [4;36;1mUser Columns (1.2ms)[0m   [0;1mSHOW FIELDS FROM `users`[0m
  [4;35;1mUser Load (0.2ms)[0m   [0mSELECT * FROM `users` WHERE (`users`.`id` = '1') LIMIT 1[0m
Completed in 13ms (View: 10, DB: 2) | 200 OK [http://localhost/home]
  [4;36;1mSQL (0.1ms)[0m   [0;1mSET SQL_AUTO_IS_NULL=0[0m


Processing UsersController#edit (for 127.0.0.1 at 2011-01-04 15:45:59) [GET]
  Parameters: {"id"=>"current"}
Rendering template within layouts/application
Rendering users/edit

ActionView::TemplateError (You have a nil object when you didn't expect it!
You might have expected an instance of Array.
The error occurred while evaluating nil.include?) on line #1 of app/views/users/edit.html.erb:
1: <%= render @user %>

    app/views/users/edit.html.erb:1
    thin (1.2.7) lib/thin/connection.rb:76:in `pre_process'
    thin (1.2.7) lib/thin/connection.rb:74:in `catch'
    thin (1.2.7) lib/thin/connection.rb:74:in `pre_process'
    thin (1.2.7) lib/thin/connection.rb:57:in `process'
    thin (1.2.7) lib/thin/connection.rb:42:in `receive_data'
    eventmachine (0.12.8) lib/eventmachine.rb:1506:in `event_callback'
    eventmachine (0.12.8) lib/pr_eventmachine.rb:550:in `eventable_read'
    eventmachine (0.12.8) lib/pr_eventmachine.rb:548:in `times'
    eventmachine (0.12.8) lib/pr_eventmachine.rb:548:in `eventable_read'
    (__FORWARDABLE__):3:in `__send__'
    (__FORWARDABLE__):3:in `eventable_read'
    eventmachine (0.12.8) lib/pr_eventmachine.rb:369:in `crank_selectables'
    eventmachine (0.12.8) lib/pr_eventmachine.rb:369:in `each'
    eventmachine (0.12.8) lib/pr_eventmachine.rb:369:in `crank_selectables'
    eventmachine (0.12.8) lib/pr_eventmachine.rb:324:in `run'
    eventmachine (0.12.8) lib/pr_eventmachine.rb:318:in `loop'
    eventmachine (0.12.8) lib/pr_eventmachine.rb:318:in `run'
    eventmachine (0.12.8) lib/pr_eventmachine.rb:64:in `run_machine'
    eventmachine (0.12.8) lib/eventmachine.rb:242:in `run'
    thin (1.2.7) lib/thin/backends/base.rb:57:in `start'
    thin (1.2.7) lib/thin/server.rb:156:in `start'

Rendered rescues/_trace (85.4ms)
Rendered rescues/_request_and_response (1.0ms)
Rendering rescues/layout (internal_server_error)
  [4;35;1mSQL (0.1ms)[0m   [0mSET SQL_AUTO_IS_NULL=0[0m


Processing UsersController#edit (for 127.0.0.1 at 2011-01-04 15:46:20) [GET]
  Parameters: {"id"=>"current"}
Rendering template within layouts/application
Rendering users/edit

ActionView::TemplateError (You have a nil object when you didn't expect it!
You might have expected an instance of Array.
The error occurred while evaluating nil.include?) on line #1 of app/views/users/edit.html.erb:
1: <%= render @user %>

    app/views/users/edit.html.erb:1
    thin (1.2.7) lib/thin/connection.rb:76:in `pre_process'
    thin (1.2.7) lib/thin/connection.rb:74:in `catch'
    thin (1.2.7) lib/thin/connection.rb:74:in `pre_process'
    thin (1.2.7) lib/thin/connection.rb:57:in `process'
    thin (1.2.7) lib/thin/connection.rb:42:in `receive_data'
    eventmachine (0.12.8) lib/eventmachine.rb:1506:in `event_callback'
    eventmachine (0.12.8) lib/pr_eventmachine.rb:550:in `eventable_read'
    eventmachine (0.12.8) lib/pr_eventmachine.rb:548:in `times'
    eventmachine (0.12.8) lib/pr_eventmachine.rb:548:in `eventable_read'
    (__FORWARDABLE__):3:in `__send__'
    (__FORWARDABLE__):3:in `eventable_read'
    eventmachine (0.12.8) lib/pr_eventmachine.rb:369:in `crank_selectables'
    eventmachine (0.12.8) lib/pr_eventmachine.rb:369:in `each'
    eventmachine (0.12.8) lib/pr_eventmachine.rb:369:in `crank_selectables'
    eventmachine (0.12.8) lib/pr_eventmachine.rb:324:in `run'
    eventmachine (0.12.8) lib/pr_eventmachine.rb:318:in `loop'
    eventmachine (0.12.8) lib/pr_eventmachine.rb:318:in `run'
    eventmachine (0.12.8) lib/pr_eventmachine.rb:64:in `run_machine'
    eventmachine (0.12.8) lib/eventmachine.rb:242:in `run'
    thin (1.2.7) lib/thin/backends/base.rb:57:in `start'
    thin (1.2.7) lib/thin/server.rb:156:in `start'

Rendered rescues/_trace (95.1ms)
Rendered rescues/_request_and_response (0.3ms)
Rendering rescues/layout (internal_server_error)
  [4;36;1mSQL (0.2ms)[0m   [0;1mSET SQL_AUTO_IS_NULL=0[0m


Processing HomeController#index (for 127.0.0.1 at 2011-01-04 15:47:46) [GET]
Rendering template within layouts/application
Rendering home/index
  [4;35;1mUser Columns (1.4ms)[0m   [0mSHOW FIELDS FROM `users`[0m
  [4;36;1mUser Load (0.2ms)[0m   [0;1mSELECT * FROM `users` WHERE (`users`.`id` = '1') LIMIT 1[0m
Completed in 16ms (View: 13, DB: 2) | 200 OK [http://localhost/home]
  [4;35;1mSQL (0.1ms)[0m   [0mSET SQL_AUTO_IS_NULL=0[0m


Processing UsersController#edit (for 127.0.0.1 at 2011-01-04 15:47:47) [GET]
  Parameters: {"id"=>"current_user"}
Rendering template within layouts/application
Rendering users/edit

ActionView::TemplateError (You have a nil object when you didn't expect it!
You might have expected an instance of Array.
The error occurred while evaluating nil.include?) on line #1 of app/views/users/edit.html.erb:
1: <%= render @user %>

    app/views/users/edit.html.erb:1
    thin (1.2.7) lib/thin/connection.rb:76:in `pre_process'
    thin (1.2.7) lib/thin/connection.rb:74:in `catch'
    thin (1.2.7) lib/thin/connection.rb:74:in `pre_process'
    thin (1.2.7) lib/thin/connection.rb:57:in `process'
    thin (1.2.7) lib/thin/connection.rb:42:in `receive_data'
    eventmachine (0.12.8) lib/eventmachine.rb:1506:in `event_callback'
    eventmachine (0.12.8) lib/pr_eventmachine.rb:550:in `eventable_read'
    eventmachine (0.12.8) lib/pr_eventmachine.rb:548:in `times'
    eventmachine (0.12.8) lib/pr_eventmachine.rb:548:in `eventable_read'
    (__FORWARDABLE__):3:in `__send__'
    (__FORWARDABLE__):3:in `eventable_read'
    eventmachine (0.12.8) lib/pr_eventmachine.rb:369:in `crank_selectables'
    eventmachine (0.12.8) lib/pr_eventmachine.rb:369:in `each'
    eventmachine (0.12.8) lib/pr_eventmachine.rb:369:in `crank_selectables'
    eventmachine (0.12.8) lib/pr_eventmachine.rb:324:in `run'
    eventmachine (0.12.8) lib/pr_eventmachine.rb:318:in `loop'
    eventmachine (0.12.8) lib/pr_eventmachine.rb:318:in `run'
    eventmachine (0.12.8) lib/pr_eventmachine.rb:64:in `run_machine'
    eventmachine (0.12.8) lib/eventmachine.rb:242:in `run'
    thin (1.2.7) lib/thin/backends/base.rb:57:in `start'
    thin (1.2.7) lib/thin/server.rb:156:in `start'

Rendered rescues/_trace (90.9ms)
Rendered rescues/_request_and_response (0.3ms)
Rendering rescues/layout (internal_server_error)
  [4;36;1mSQL (0.1ms)[0m   [0;1mSET SQL_AUTO_IS_NULL=0[0m


Processing HomeController#index (for 127.0.0.1 at 2011-01-04 15:47:55) [GET]
Rendering template within layouts/application
Rendering home/index
  [4;35;1mUser Columns (1.4ms)[0m   [0mSHOW FIELDS FROM `users`[0m
  [4;36;1mUser Load (0.3ms)[0m   [0;1mSELECT * FROM `users` WHERE (`users`.`id` = '1') LIMIT 1[0m
Completed in 16ms (View: 13, DB: 2) | 200 OK [http://localhost/home]
  [4;35;1mSQL (0.1ms)[0m   [0mSET SQL_AUTO_IS_NULL=0[0m


Processing UsersController#edit (for 127.0.0.1 at 2011-01-04 15:47:56) [GET]
  Parameters: {"id"=>"1"}
Rendering template within layouts/application
Rendering users/edit

ActionView::TemplateError (You have a nil object when you didn't expect it!
You might have expected an instance of Array.
The error occurred while evaluating nil.include?) on line #1 of app/views/users/edit.html.erb:
1: <%= render @user %>

    app/views/users/edit.html.erb:1
    thin (1.2.7) lib/thin/connection.rb:76:in `pre_process'
    thin (1.2.7) lib/thin/connection.rb:74:in `catch'
    thin (1.2.7) lib/thin/connection.rb:74:in `pre_process'
    thin (1.2.7) lib/thin/connection.rb:57:in `process'
    thin (1.2.7) lib/thin/connection.rb:42:in `receive_data'
    eventmachine (0.12.8) lib/eventmachine.rb:1506:in `event_callback'
    eventmachine (0.12.8) lib/pr_eventmachine.rb:550:in `eventable_read'
    eventmachine (0.12.8) lib/pr_eventmachine.rb:548:in `times'
    eventmachine (0.12.8) lib/pr_eventmachine.rb:548:in `eventable_read'
    (__FORWARDABLE__):3:in `__send__'
    (__FORWARDABLE__):3:in `eventable_read'
    eventmachine (0.12.8) lib/pr_eventmachine.rb:369:in `crank_selectables'
    eventmachine (0.12.8) lib/pr_eventmachine.rb:369:in `each'
    eventmachine (0.12.8) lib/pr_eventmachine.rb:369:in `crank_selectables'
    eventmachine (0.12.8) lib/pr_eventmachine.rb:324:in `run'
    eventmachine (0.12.8) lib/pr_eventmachine.rb:318:in `loop'
    eventmachine (0.12.8) lib/pr_eventmachine.rb:318:in `run'
    eventmachine (0.12.8) lib/pr_eventmachine.rb:64:in `run_machine'
    eventmachine (0.12.8) lib/eventmachine.rb:242:in `run'
    thin (1.2.7) lib/thin/backends/base.rb:57:in `start'
    thin (1.2.7) lib/thin/server.rb:156:in `start'

Rendered rescues/_trace (90.1ms)
Rendered rescues/_request_and_response (0.3ms)
Rendering rescues/layout (internal_server_error)
  [4;36;1mSQL (0.1ms)[0m   [0;1mSET SQL_AUTO_IS_NULL=0[0m


Processing UsersController#edit (for 127.0.0.1 at 2011-01-04 15:50:38) [GET]
  Parameters: {"id"=>"1"}
  [4;35;1mUser Columns (1.6ms)[0m   [0mSHOW FIELDS FROM `users`[0m
  [4;36;1mUser Load (0.3ms)[0m   [0;1mSELECT * FROM `users` WHERE (`users`.`id` = '1') LIMIT 1[0m
Rendering template within layouts/application
Rendering users/edit
Rendered users/_user (4.4ms)
Completed in 20ms (View: 9, DB: 2) | 200 OK [http://localhost/users/1/edit]
  [4;35;1mSQL (0.1ms)[0m   [0mSET SQL_AUTO_IS_NULL=0[0m


Processing UsersController#edit (for 127.0.0.1 at 2011-01-04 15:50:44) [GET]
  Parameters: {"id"=>"1"}
  [4;36;1mUser Columns (1.3ms)[0m   [0;1mSHOW FIELDS FROM `users`[0m
  [4;35;1mUser Load (0.3ms)[0m   [0mSELECT * FROM `users` WHERE (`users`.`id` = '1') LIMIT 1[0m
Rendering template within layouts/application
Rendering users/edit
Rendered users/_user (2.7ms)
Completed in 15ms (View: 4, DB: 2) | 200 OK [http://localhost/users/1/edit]
  [4;36;1mSQL (0.1ms)[0m   [0;1mSET SQL_AUTO_IS_NULL=0[0m


Processing UserSessionsController#destroy (for 127.0.0.1 at 2011-01-04 15:50:46) [GET]
  [4;35;1mUser Columns (1.3ms)[0m   [0mSHOW FIELDS FROM `users`[0m
  [4;36;1mUser Load (0.2ms)[0m   [0;1mSELECT * FROM `users` WHERE (`users`.`id` = '1') LIMIT 1[0m
Redirected to http://localhost:3000/home
Completed in 67ms (DB: 2) | 302 Found [http://localhost/logout]
  [4;35;1mSQL (0.3ms)[0m   [0mSET SQL_AUTO_IS_NULL=0[0m


Processing HomeController#index (for 127.0.0.1 at 2011-01-04 15:50:46) [GET]
Rendering template within layouts/application
Rendering home/index
  [4;36;1mUser Columns (1.3ms)[0m   [0;1mSHOW FIELDS FROM `users`[0m
Completed in 10ms (View: 8, DB: 2) | 200 OK [http://localhost/home]
  [4;35;1mSQL (0.1ms)[0m   [0mSET SQL_AUTO_IS_NULL=0[0m


Processing UserSessionsController#new (for 127.0.0.1 at 2011-01-04 15:50:47) [GET]
  [4;36;1mUser Columns (1.2ms)[0m   [0;1mSHOW FIELDS FROM `users`[0m
Rendering template within layouts/application
Rendering user_sessions/new
Completed in 13ms (View: 4, DB: 1) | 200 OK [http://localhost/login]
  [4;35;1mSQL (0.2ms)[0m   [0mSET SQL_AUTO_IS_NULL=0[0m


Processing UserSessionsController#create (for 127.0.0.1 at 2011-01-04 15:50:54) [POST]
  Parameters: {"commit"=>"Submit", "user_session"=>{"username"=>"proc", "password"=>"1234"}, "authenticity_token"=>"rYm5XQtBEuFKCR60UuDEa77PAfBX4rlO+te1/3MRjkc="}
  [4;36;1mUser Columns (1.4ms)[0m   [0;1mSHOW FIELDS FROM `users`[0m
  [4;35;1mUser Load (0.2ms)[0m   [0mSELECT * FROM `users` WHERE (LOWER(`users`.username) = 'proc') LIMIT 1[0m
Redirected to http://localhost:3000/home
Completed in 12ms (DB: 2) | 302 Found [http://localhost/user_sessions]
  [4;36;1mSQL (0.1ms)[0m   [0;1mSET SQL_AUTO_IS_NULL=0[0m


Processing HomeController#index (for 127.0.0.1 at 2011-01-04 15:50:54) [GET]
Rendering template within layouts/application
Rendering home/index
  [4;35;1mUser Columns (7.7ms)[0m   [0mSHOW FIELDS FROM `users`[0m
  [4;36;1mUser Load (0.2ms)[0m   [0;1mSELECT * FROM `users` WHERE (`users`.`id` = '1') LIMIT 1[0m
Completed in 19ms (View: 10, DB: 8) | 200 OK [http://localhost/home]
  [4;35;1mSQL (0.1ms)[0m   [0mSET SQL_AUTO_IS_NULL=0[0m


Processing UsersController#edit (for 127.0.0.1 at 2011-01-04 15:52:39) [GET]
  Parameters: {"id"=>"1"}
  [4;36;1mUser Columns (1.5ms)[0m   [0;1mSHOW FIELDS FROM `users`[0m
  [4;35;1mUser Load (0.1ms)[0m   [0mSELECT * FROM `users` WHERE (`users`.`id` = '1') LIMIT 1[0m
Rendering template within layouts/application
Rendering users/edit
Rendered users/_user (2.5ms)
Completed in 15ms (View: 4, DB: 2) | 200 OK [http://localhost/users/1/edit]
  [4;36;1mSQL (0.1ms)[0m   [0;1mSET SQL_AUTO_IS_NULL=0[0m


Processing UsersController#edit (for 127.0.0.1 at 2011-01-04 16:12:42) [GET]
  Parameters: {"id"=>"1"}
  [4;35;1mUser Columns (1.2ms)[0m   [0mSHOW FIELDS FROM `users`[0m
  [4;36;1mUser Load (0.2ms)[0m   [0;1mSELECT * FROM `users` WHERE (`users`.`id` = '1') LIMIT 1[0m
Rendering template within layouts/application
Rendering users/edit
Rendered users/_user (3.0ms)
Completed in 18ms (View: 6, DB: 1) | 200 OK [http://localhost/users/1/edit]
  [4;35;1mSQL (0.1ms)[0m   [0mSET SQL_AUTO_IS_NULL=0[0m


Processing UsersController#edit (for 127.0.0.1 at 2011-01-04 16:12:44) [GET]
  Parameters: {"id"=>"1"}
  [4;36;1mUser Columns (1.5ms)[0m   [0;1mSHOW FIELDS FROM `users`[0m
  [4;35;1mUser Load (0.3ms)[0m   [0mSELECT * FROM `users` WHERE (`users`.`id` = '1') LIMIT 1[0m
Rendering template within layouts/application
Rendering users/edit
Rendered users/_user (2.6ms)
Completed in 16ms (View: 4, DB: 2) | 200 OK [http://localhost/users/1/edit]
  [4;36;1mSQL (0.1ms)[0m   [0;1mSET SQL_AUTO_IS_NULL=0[0m


Processing UserSessionsController#destroy (for 127.0.0.1 at 2011-01-04 16:12:45) [GET]
  [4;35;1mUser Columns (1.4ms)[0m   [0mSHOW FIELDS FROM `users`[0m
  [4;36;1mUser Load (0.2ms)[0m   [0;1mSELECT * FROM `users` WHERE (`users`.`id` = '1') LIMIT 1[0m
Redirected to http://localhost:3000/home
Completed in 11ms (DB: 2) | 302 Found [http://localhost/logout]
  [4;35;1mSQL (0.1ms)[0m   [0mSET SQL_AUTO_IS_NULL=0[0m


Processing HomeController#index (for 127.0.0.1 at 2011-01-04 16:12:45) [GET]
Rendering template within layouts/application
Rendering home/index
  [4;36;1mUser Columns (1.3ms)[0m   [0;1mSHOW FIELDS FROM `users`[0m
Completed in 10ms (View: 7, DB: 1) | 200 OK [http://localhost/home]
  [4;35;1mSQL (0.1ms)[0m   [0mSET SQL_AUTO_IS_NULL=0[0m


Processing UserSessionsController#new (for 127.0.0.1 at 2011-01-04 16:12:47) [GET]
  [4;36;1mUser Columns (1.4ms)[0m   [0;1mSHOW FIELDS FROM `users`[0m
Rendering template within layouts/application
Rendering user_sessions/new
Completed in 12ms (View: 4, DB: 2) | 200 OK [http://localhost/login]
  [4;35;1mSQL (0.1ms)[0m   [0mSET SQL_AUTO_IS_NULL=0[0m


Processing UsersController#new (for 127.0.0.1 at 2011-01-04 16:12:49) [GET]
  [4;36;1mUser Columns (1.3ms)[0m   [0;1mSHOW FIELDS FROM `users`[0m
Rendering template within layouts/application
Rendering users/new
Rendered users/_user (3.5ms)
Completed in 16ms (View: 9, DB: 1) | 200 OK [http://localhost/users/new]
  [4;35;1mSQL (0.1ms)[0m   [0mSET SQL_AUTO_IS_NULL=0[0m


Processing UserSessionsController#new (for 127.0.0.1 at 2011-01-04 16:12:51) [GET]
  [4;36;1mUser Columns (1.3ms)[0m   [0;1mSHOW FIELDS FROM `users`[0m
Rendering template within layouts/application
Rendering user_sessions/new
Completed in 12ms (View: 4, DB: 1) | 200 OK [http://localhost/login]
  [4;35;1mSQL (0.2ms)[0m   [0mSET SQL_AUTO_IS_NULL=0[0m


Processing UserSessionsController#create (for 127.0.0.1 at 2011-01-04 16:12:56) [POST]
  Parameters: {"commit"=>"Submit", "user_session"=>{"username"=>"proc", "password"=>"1234"}, "authenticity_token"=>"rYm5XQtBEuFKCR60UuDEa77PAfBX4rlO+te1/3MRjkc="}
  [4;36;1mUser Columns (1.3ms)[0m   [0;1mSHOW FIELDS FROM `users`[0m
  [4;35;1mUser Load (0.2ms)[0m   [0mSELECT * FROM `users` WHERE (LOWER(`users`.username) = 'proc') LIMIT 1[0m
Redirected to http://localhost:3000/home
Completed in 11ms (DB: 2) | 302 Found [http://localhost/user_sessions]
  [4;36;1mSQL (0.1ms)[0m   [0;1mSET SQL_AUTO_IS_NULL=0[0m


Processing HomeController#index (for 127.0.0.1 at 2011-01-04 16:12:56) [GET]
Rendering template within layouts/application
Rendering home/index
  [4;35;1mUser Columns (1.2ms)[0m   [0mSHOW FIELDS FROM `users`[0m
  [4;36;1mUser Load (0.3ms)[0m   [0;1mSELECT * FROM `users` WHERE (`users`.`id` = '1') LIMIT 1[0m
Completed in 63ms (View: 61, DB: 2) | 200 OK [http://localhost/home]
  [4;35;1mSQL (0.1ms)[0m   [0mSET SQL_AUTO_IS_NULL=0[0m


Processing UserSessionsController#destroy (for 127.0.0.1 at 2011-01-04 16:12:58) [GET]
  [4;36;1mUser Columns (1.2ms)[0m   [0;1mSHOW FIELDS FROM `users`[0m
  [4;35;1mUser Load (0.1ms)[0m   [0mSELECT * FROM `users` WHERE (`users`.`id` = '1') LIMIT 1[0m
Redirected to http://localhost:3000/home
Completed in 12ms (DB: 1) | 302 Found [http://localhost/logout]
  [4;36;1mSQL (0.2ms)[0m   [0;1mSET SQL_AUTO_IS_NULL=0[0m


Processing HomeController#index (for 127.0.0.1 at 2011-01-04 16:12:58) [GET]
Rendering template within layouts/application
Rendering home/index
  [4;35;1mUser Columns (15.7ms)[0m   [0mSHOW FIELDS FROM `users`[0m
Completed in 24ms (View: 8, DB: 16) | 200 OK [http://localhost/home]
  [4;36;1mSQL (0.3ms)[0m   [0;1mSET SQL_AUTO_IS_NULL=0[0m


Processing UsersController#new (for 127.0.0.1 at 2011-01-04 16:24:34) [GET]
  [4;35;1mUser Columns (1.3ms)[0m   [0mSHOW FIELDS FROM `users`[0m
Rendering template within layouts/application
Rendering users/new
Rendered users/_user (3.5ms)
Completed in 15ms (View: 7, DB: 2) | 200 OK [http://localhost/users/new]
  [4;36;1mSQL (0.1ms)[0m   [0;1mSET SQL_AUTO_IS_NULL=0[0m


Processing UsersController#new (for 127.0.0.1 at 2011-01-04 16:24:35) [GET]
  [4;35;1mUser Columns (1.5ms)[0m   [0mSHOW FIELDS FROM `users`[0m
Rendering template within layouts/application
Rendering users/new
Rendered users/_user (3.3ms)
Completed in 15ms (View: 7, DB: 2) | 200 OK [http://localhost/users/new]
  [4;36;1mSQL (0.2ms)[0m   [0;1mSET SQL_AUTO_IS_NULL=0[0m


Processing UserSessionsController#new (for 127.0.0.1 at 2011-01-04 16:24:36) [GET]
  [4;35;1mUser Columns (1.4ms)[0m   [0mSHOW FIELDS FROM `users`[0m
Rendering template within layouts/application
Rendering user_sessions/new
Completed in 12ms (View: 4, DB: 2) | 200 OK [http://localhost/login]
  [4;36;1mSQL (0.2ms)[0m   [0;1mSET SQL_AUTO_IS_NULL=0[0m
  [4;35;1mUser Columns (1.0ms)[0m   [0mSHOW FIELDS FROM `users`[0m
  [4;36;1mUser Load (0.2ms)[0m   [0;1mSELECT * FROM `users` LIMIT 1[0m
  [4;36;1mSQL (0.1ms)[0m   [0;1mSET SQL_AUTO_IS_NULL=0[0m


Processing UserSessionsController#new (for 127.0.0.1 at 2011-01-04 17:31:22) [GET]
  [4;35;1mUser Columns (1.3ms)[0m   [0mSHOW FIELDS FROM `users`[0m
Rendering template within layouts/application
Rendering user_sessions/new
Completed in 12ms (View: 3, DB: 1) | 200 OK [http://localhost/login]
  [4;36;1mSQL (0.1ms)[0m   [0;1mSET SQL_AUTO_IS_NULL=0[0m


Processing UserSessionsController#create (for 127.0.0.1 at 2011-01-04 17:31:26) [POST]
  Parameters: {"commit"=>"Submit", "user_session"=>{"username"=>"proc", "password"=>"1234"}, "authenticity_token"=>"rYm5XQtBEuFKCR60UuDEa77PAfBX4rlO+te1/3MRjkc="}
  [4;35;1mUser Columns (1.2ms)[0m   [0mSHOW FIELDS FROM `users`[0m
  [4;36;1mUser Load (0.2ms)[0m   [0;1mSELECT * FROM `users` WHERE (LOWER(`users`.username) = 'proc') LIMIT 1[0m
Redirected to http://localhost:3000/home
Completed in 11ms (DB: 1) | 302 Found [http://localhost/user_sessions]
  [4;35;1mSQL (0.2ms)[0m   [0mSET SQL_AUTO_IS_NULL=0[0m


Processing HomeController#index (for 127.0.0.1 at 2011-01-04 17:31:26) [GET]
Rendering template within layouts/application
Rendering home/index
  [4;36;1mUser Columns (1.4ms)[0m   [0;1mSHOW FIELDS FROM `users`[0m
  [4;35;1mUser Load (0.3ms)[0m   [0mSELECT * FROM `users` WHERE (`users`.`id` = '1') LIMIT 1[0m
Completed in 13ms (View: 10, DB: 2) | 200 OK [http://localhost/home]
  [4;36;1mSQL (0.2ms)[0m   [0;1mSET SQL_AUTO_IS_NULL=0[0m


Processing HomeController#index (for 127.0.0.1 at 2011-01-04 18:07:33) [GET]
Guessed service url: "http://localhost:3000/home"
Generated login url: https://localhost/login?service=http%3A%2F%2Flocalhost%3A3000%2Fhome
Redirecting to "https://localhost/login?service=http%3A%2F%2Flocalhost%3A3000%2Fhome"
Redirected to https://localhost/login?service=http%3A%2F%2Flocalhost%3A3000%2Fhome
Filter chain halted as [CASClient::Frameworks::Rails::Filter] rendered_or_redirected.
Completed in 3ms (DB: 0) | 302 Found [http://localhost/home]
  [4;35;1mSQL (0.1ms)[0m   [0mSET SQL_AUTO_IS_NULL=0[0m


Processing HomeController#index (for 127.0.0.1 at 2011-01-04 18:07:34) [GET]
  Parameters: {"ticket"=>"ST-1294193253r528DBECA6F805F27F0"}
Request contains ticket "ST-1294193253r528DBECA6F805F27F0".
Guessed service url: "http://localhost:3000/home"
Requesting CAS response for URI https://localhost/proxyValidate?ticket=ST-1294193253r528DBECA6F805F27F0&service=http%3A%2F%2Flocalhost%3A3000%2Fhome
CAS server responded with #<Net::HTTPOK 200 OK  readbody=true>:
<cas:serviceResponse xmlns:cas="http://www.yale.edu/tp/cas"><cas:authenticationSuccess><cas:user>proc</cas:user></cas:authenticationSuccess></cas:serviceResponse>
Ticket "ST-1294193253r528DBECA6F805F27F0" for service "http://localhost:3000/home" belonging to user "proc" is VALID.
Extra user attributes provided along with ticket "ST-1294193253r528DBECA6F805F27F0": {}.
Rendering template within layouts/application
Rendering home/index
  [4;36;1mUser Columns (1.4ms)[0m   [0;1mSHOW FIELDS FROM `users`[0m
  [4;35;1mUser Load (0.3ms)[0m   [0mSELECT * FROM `users` WHERE (`users`.`id` = '1') LIMIT 1[0m
Completed in 125ms (View: 88, DB: 2) | 200 OK [http://localhost/home?ticket=ST-1294193253r528DBECA6F805F27F0]
  [4;36;1mSQL (0.1ms)[0m   [0;1mSET SQL_AUTO_IS_NULL=0[0m


Processing UserSessionsController#destroy (for 127.0.0.1 at 2011-01-04 18:07:38) [GET]
Existing local CAS session detected for "proc". Previous ticket "ST-1294193253r528DBECA6F805F27F0" will be re-used.
  [4;35;1mUser Columns (1.5ms)[0m   [0mSHOW FIELDS FROM `users`[0m
  [4;36;1mUser Load (0.2ms)[0m   [0;1mSELECT * FROM `users` WHERE (`users`.`id` = '1') LIMIT 1[0m
Redirected to http://localhost:3000/home
Completed in 13ms (DB: 2) | 302 Found [http://localhost/logout]
  [4;35;1mSQL (0.2ms)[0m   [0mSET SQL_AUTO_IS_NULL=0[0m


Processing HomeController#index (for 127.0.0.1 at 2011-01-04 18:07:38) [GET]
Existing local CAS session detected for "proc". Previous ticket "ST-1294193253r528DBECA6F805F27F0" will be re-used.
Rendering template within layouts/application
Rendering home/index
  [4;36;1mUser Columns (3.0ms)[0m   [0;1mSHOW FIELDS FROM `users`[0m
Completed in 12ms (View: 8, DB: 3) | 200 OK [http://localhost/home]
  [4;35;1mSQL (0.1ms)[0m   [0mSET SQL_AUTO_IS_NULL=0[0m


Processing HomeController#index (for 127.0.0.1 at 2011-01-04 18:07:43) [GET]
Existing local CAS session detected for "proc". Previous ticket "ST-1294193253r528DBECA6F805F27F0" will be re-used.
Rendering template within layouts/application
Rendering home/index
  [4;36;1mUser Columns (1.7ms)[0m   [0;1mSHOW FIELDS FROM `users`[0m
Completed in 11ms (View: 8, DB: 2) | 200 OK [http://localhost/home]
  [4;35;1mSQL (0.2ms)[0m   [0mSET SQL_AUTO_IS_NULL=0[0m


Processing HomeController#index (for 127.0.0.1 at 2011-01-04 18:07:45) [GET]
Existing local CAS session detected for "proc". Previous ticket "ST-1294193253r528DBECA6F805F27F0" will be re-used.
Rendering template within layouts/application
Rendering home/index
  [4;36;1mUser Columns (1.1ms)[0m   [0;1mSHOW FIELDS FROM `users`[0m
Completed in 57ms (View: 54, DB: 1) | 200 OK [http://localhost/home]
  [4;35;1mSQL (0.1ms)[0m   [0mSET SQL_AUTO_IS_NULL=0[0m


Processing HomeController#index (for 127.0.0.1 at 2011-01-04 18:07:53) [GET]
Existing local CAS session detected for "proc". Previous ticket "ST-1294193253r528DBECA6F805F27F0" will be re-used.
Rendering template within layouts/application
Rendering home/index
  [4;36;1mUser Columns (1.4ms)[0m   [0;1mSHOW FIELDS FROM `users`[0m
Completed in 11ms (View: 8, DB: 1) | 200 OK [http://localhost/home]
  [4;35;1mSQL (0.1ms)[0m   [0mSET SQL_AUTO_IS_NULL=0[0m


Processing HomeController#index (for 127.0.0.1 at 2011-01-04 18:08:04) [GET]
Existing local CAS session detected for "proc". Previous ticket "ST-1294193253r528DBECA6F805F27F0" will be re-used.
Rendering template within layouts/application
Rendering home/index
  [4;36;1mUser Columns (1.5ms)[0m   [0;1mSHOW FIELDS FROM `users`[0m
Completed in 11ms (View: 8, DB: 2) | 200 OK [http://localhost/home]
  [4;35;1mSQL (0.1ms)[0m   [0mSET SQL_AUTO_IS_NULL=0[0m


Processing UserSessionsController#new (for 127.0.0.1 at 2011-01-04 18:08:06) [GET]
Existing local CAS session detected for "proc". Previous ticket "ST-1294193253r528DBECA6F805F27F0" will be re-used.
  [4;36;1mUser Columns (1.4ms)[0m   [0;1mSHOW FIELDS FROM `users`[0m
Rendering template within layouts/application
Rendering user_sessions/new
Completed in 16ms (View: 7, DB: 2) | 200 OK [http://localhost/login]
  [4;35;1mSQL (0.1ms)[0m   [0mSET SQL_AUTO_IS_NULL=0[0m


Processing UserSessionsController#new (for 127.0.0.1 at 2011-01-04 18:08:07) [GET]
Existing local CAS session detected for "proc". Previous ticket "ST-1294193253r528DBECA6F805F27F0" will be re-used.
  [4;36;1mUser Columns (1.8ms)[0m   [0;1mSHOW FIELDS FROM `users`[0m
Rendering template within layouts/application
Rendering user_sessions/new
Completed in 14ms (View: 4, DB: 2) | 200 OK [http://localhost/login]
  [4;35;1mSQL (0.1ms)[0m   [0mSET SQL_AUTO_IS_NULL=0[0m


Processing UserSessionsController#new (for 127.0.0.1 at 2011-01-04 18:08:47) [GET]
Existing local CAS session detected for "proc". Previous ticket "ST-1294193253r528DBECA6F805F27F0" will be re-used.
  [4;36;1mUser Columns (1.3ms)[0m   [0;1mSHOW FIELDS FROM `users`[0m
Rendering template within layouts/application
Rendering user_sessions/new
Completed in 13ms (View: 3, DB: 1) | 200 OK [http://localhost/login]
  [4;35;1mSQL (0.1ms)[0m   [0mSET SQL_AUTO_IS_NULL=0[0m


Processing HomeController#index (for 127.0.0.1 at 2011-01-04 18:09:06) [GET]
Existing local CAS session detected for "proc". Previous ticket "ST-1294193253r528DBECA6F805F27F0" will be re-used.
Rendering template within layouts/application
Rendering home/index
  [4;36;1mUser Columns (1.1ms)[0m   [0;1mSHOW FIELDS FROM `users`[0m
Completed in 11ms (View: 8, DB: 1) | 200 OK [http://localhost/home]
  [4;35;1mSQL (0.1ms)[0m   [0mSET SQL_AUTO_IS_NULL=0[0m


Processing HomeController#index (for 127.0.0.1 at 2011-01-04 18:09:32) [GET]
Existing local CAS session detected for "proc". Previous ticket "ST-1294193253r528DBECA6F805F27F0" will be re-used.
Existing local CAS session detected for "proc". Previous ticket "ST-1294193253r528DBECA6F805F27F0" will be re-used.
Rendering template within layouts/application
Rendering home/index
  [4;36;1mUser Columns (1.4ms)[0m   [0;1mSHOW FIELDS FROM `users`[0m
Completed in 11ms (View: 8, DB: 2) | 200 OK [http://localhost/home]
  [4;36;1mSQL (0.1ms)[0m   [0;1mSET SQL_AUTO_IS_NULL=0[0m


Processing HomeController#index (for 127.0.0.1 at 2011-01-04 18:09:53) [GET]
Existing local CAS session detected for "proc". Previous ticket "ST-1294193253r528DBECA6F805F27F0" will be re-used.
Existing local CAS session detected for "proc". Previous ticket "ST-1294193253r528DBECA6F805F27F0" will be re-used.
Rendering template within layouts/application
Rendering home/index
  [4;35;1mUser Columns (1.3ms)[0m   [0mSHOW FIELDS FROM `users`[0m
Completed in 27ms (View: 22, DB: 1) | 200 OK [http://localhost/home]
  [4;36;1mSQL (0.1ms)[0m   [0;1mSET SQL_AUTO_IS_NULL=0[0m


Processing HomeController#index (for 127.0.0.1 at 2011-01-04 18:10:00) [GET]
Existing local CAS session detected for "proc". Previous ticket "ST-1294193253r528DBECA6F805F27F0" will be re-used.
Existing local CAS session detected for "proc". Previous ticket "ST-1294193253r528DBECA6F805F27F0" will be re-used.
Rendering template within layouts/application
Rendering home/index
  [4;35;1mUser Columns (1.6ms)[0m   [0mSHOW FIELDS FROM `users`[0m
Completed in 70ms (View: 8, DB: 2) | 200 OK [http://localhost/home]
  [4;36;1mSQL (0.1ms)[0m   [0;1mSET SQL_AUTO_IS_NULL=0[0m


Processing UserSessionsController#new (for 127.0.0.1 at 2011-01-04 18:10:49) [GET]
Existing local CAS session detected for "proc". Previous ticket "ST-1294193253r528DBECA6F805F27F0" will be re-used.
  [4;35;1mUser Columns (38.6ms)[0m   [0mSHOW FIELDS FROM `users`[0m
Rendering template within layouts/application
Rendering user_sessions/new
Completed in 53ms (View: 6, DB: 39) | 200 OK [http://localhost/login]
  [4;36;1mSQL (0.2ms)[0m   [0;1mSET SQL_AUTO_IS_NULL=0[0m


Processing UserSessionsController#create (for 127.0.0.1 at 2011-01-04 18:10:53) [POST]
  Parameters: {"commit"=>"Submit", "user_session"=>{"username"=>"proc", "password"=>"1234"}, "authenticity_token"=>"rYm5XQtBEuFKCR60UuDEa77PAfBX4rlO+te1/3MRjkc="}
Existing local CAS session detected for "proc". Previous ticket "ST-1294193253r528DBECA6F805F27F0" will be re-used.
  [4;35;1mUser Columns (1.4ms)[0m   [0mSHOW FIELDS FROM `users`[0m
  [4;36;1mUser Load (0.2ms)[0m   [0;1mSELECT * FROM `users` WHERE (LOWER(`users`.username) = 'proc') LIMIT 1[0m
Redirected to http://localhost:3000/home
Completed in 116ms (DB: 2) | 302 Found [http://localhost/user_sessions]
  [4;35;1mSQL (0.2ms)[0m   [0mSET SQL_AUTO_IS_NULL=0[0m


Processing HomeController#index (for 127.0.0.1 at 2011-01-04 18:10:53) [GET]
Existing local CAS session detected for "proc". Previous ticket "ST-1294193253r528DBECA6F805F27F0" will be re-used.
Rendering template within layouts/application
Rendering home/index
  [4;36;1mUser Columns (1.4ms)[0m   [0;1mSHOW FIELDS FROM `users`[0m
  [4;35;1mUser Load (0.2ms)[0m   [0mSELECT * FROM `users` WHERE (`users`.`id` = '1') LIMIT 1[0m
Completed in 62ms (View: 59, DB: 2) | 200 OK [http://localhost/home]
  [4;36;1mSQL (0.1ms)[0m   [0;1mSET SQL_AUTO_IS_NULL=0[0m


Processing UserSessionsController#destroy (for 127.0.0.1 at 2011-01-04 18:11:01) [GET]
Existing local CAS session detected for "proc". Previous ticket "ST-1294193253r528DBECA6F805F27F0" will be re-used.
  [4;35;1mUser Columns (1.2ms)[0m   [0mSHOW FIELDS FROM `users`[0m
  [4;36;1mUser Load (0.3ms)[0m   [0;1mSELECT * FROM `users` WHERE (`users`.`id` = '1') LIMIT 1[0m
Redirected to http://localhost:3000/home
Completed in 13ms (DB: 2) | 302 Found [http://localhost/logout]
  [4;35;1mSQL (0.1ms)[0m   [0mSET SQL_AUTO_IS_NULL=0[0m


Processing HomeController#index (for 127.0.0.1 at 2011-01-04 18:11:01) [GET]
Existing local CAS session detected for "proc". Previous ticket "ST-1294193253r528DBECA6F805F27F0" will be re-used.
Rendering template within layouts/application
Rendering home/index
  [4;36;1mUser Columns (1.3ms)[0m   [0;1mSHOW FIELDS FROM `users`[0m
Completed in 11ms (View: 8, DB: 1) | 200 OK [http://localhost/home]
  [4;35;1mSQL (0.1ms)[0m   [0mSET SQL_AUTO_IS_NULL=0[0m


Processing HomeController#index (for 127.0.0.1 at 2011-01-04 18:11:22) [GET]
Existing local CAS session detected for "proc". Previous ticket "ST-1294193253r528DBECA6F805F27F0" will be re-used.
Rendering template within layouts/application
Rendering home/index
  [4;36;1mUser Columns (1.1ms)[0m   [0;1mSHOW FIELDS FROM `users`[0m
Completed in 14ms (View: 11, DB: 1) | 200 OK [http://localhost/home]
  [4;35;1mSQL (0.1ms)[0m   [0mSET SQL_AUTO_IS_NULL=0[0m


Processing HomeController#index (for 127.0.0.1 at 2011-01-04 18:13:06) [GET]
Guessed service url: "http://localhost:3000/home"
Generated login url: https://localhost/login?service=http%3A%2F%2Flocalhost%3A3000%2Fhome
Redirecting to "https://localhost/login?service=http%3A%2F%2Flocalhost%3A3000%2Fhome"
Redirected to https://localhost/login?service=http%3A%2F%2Flocalhost%3A3000%2Fhome
Filter chain halted as [CASClient::Frameworks::Rails::Filter] rendered_or_redirected.
Completed in 1ms (DB: 0) | 302 Found [http://localhost/home]
  [4;36;1mSQL (0.1ms)[0m   [0;1mSET SQL_AUTO_IS_NULL=0[0m


Processing HomeController#index (for 127.0.0.1 at 2011-01-04 18:13:14) [GET]
  Parameters: {"ticket"=>"ST-1294193594rD1CBBA0B5C132D7696"}
Request contains ticket "ST-1294193594rD1CBBA0B5C132D7696".
Guessed service url: "http://localhost:3000/home"
Requesting CAS response for URI https://localhost/proxyValidate?ticket=ST-1294193594rD1CBBA0B5C132D7696&service=http%3A%2F%2Flocalhost%3A3000%2Fhome
CAS server responded with #<Net::HTTPOK 200 OK  readbody=true>:
<cas:serviceResponse xmlns:cas="http://www.yale.edu/tp/cas"><cas:authenticationSuccess><cas:user>proc</cas:user></cas:authenticationSuccess></cas:serviceResponse>
Ticket "ST-1294193594rD1CBBA0B5C132D7696" for service "http://localhost:3000/home" belonging to user "proc" is VALID.
Extra user attributes provided along with ticket "ST-1294193594rD1CBBA0B5C132D7696": {}.
Rendering template within layouts/application
Rendering home/index
  [4;35;1mUser Columns (1.5ms)[0m   [0mSHOW FIELDS FROM `users`[0m
Completed in 94ms (View: 8, DB: 2) | 200 OK [http://localhost/home?ticket=ST-1294193594rD1CBBA0B5C132D7696]
  [4;36;1mSQL (0.1ms)[0m   [0;1mSET SQL_AUTO_IS_NULL=0[0m


Processing HomeController#index (for 127.0.0.1 at 2011-01-04 18:13:41) [GET]
  Parameters: {"ticket"=>"ST-1294193621r289FE23EACCD1152E2"}
Request contains ticket "ST-1294193621r289FE23EACCD1152E2".
Guessed service url: "http://localhost:3000/home"
Existing local CAS session detected for "proc". Previous ticket "ST-1294193594rD1CBBA0B5C132D7696" will be re-used.
Rendering template within layouts/application
Rendering home/index
  [4;35;1mUser Columns (1.5ms)[0m   [0mSHOW FIELDS FROM `users`[0m
Completed in 11ms (View: 8, DB: 2) | 200 OK [http://localhost/home?ticket=ST-1294193621r289FE23EACCD1152E2]
  [4;36;1mSQL (0.1ms)[0m   [0;1mSET SQL_AUTO_IS_NULL=0[0m


Processing HomeController#index (for 127.0.0.1 at 2011-01-04 18:14:10) [GET]
Guessed service url: "http://localhost:3000/home"
Generated login url: https://localhost/login?service=http%3A%2F%2Flocalhost%3A3000%2Fhome
Redirecting to "https://localhost/login?service=http%3A%2F%2Flocalhost%3A3000%2Fhome"
Redirected to https://localhost/login?service=http%3A%2F%2Flocalhost%3A3000%2Fhome
Filter chain halted as [CASClient::Frameworks::Rails::Filter] rendered_or_redirected.
Completed in 1ms (DB: 0) | 302 Found [http://localhost/home]
  [4;35;1mSQL (0.1ms)[0m   [0mSET SQL_AUTO_IS_NULL=0[0m


Processing HomeController#index (for 127.0.0.1 at 2011-01-04 18:14:31) [GET]
  Parameters: {"ticket"=>"ST-1294193671rB6CB98DEA86FFAF2E5"}
Request contains ticket "ST-1294193671rB6CB98DEA86FFAF2E5".
Guessed service url: "http://localhost:3000/home"
Requesting CAS response for URI https://localhost/proxyValidate?ticket=ST-1294193671rB6CB98DEA86FFAF2E5&service=http%3A%2F%2Flocalhost%3A3000%2Fhome
CAS server responded with #<Net::HTTPOK 200 OK  readbody=true>:
<cas:serviceResponse xmlns:cas="http://www.yale.edu/tp/cas"><cas:authenticationSuccess><cas:user>proc</cas:user></cas:authenticationSuccess></cas:serviceResponse>
Ticket "ST-1294193671rB6CB98DEA86FFAF2E5" for service "http://localhost:3000/home" belonging to user "proc" is VALID.
Extra user attributes provided along with ticket "ST-1294193671rB6CB98DEA86FFAF2E5": {}.
Rendering template within layouts/application
Rendering home/index
  [4;36;1mUser Columns (1.2ms)[0m   [0;1mSHOW FIELDS FROM `users`[0m
Completed in 43ms (View: 9, DB: 1) | 200 OK [http://localhost/home?ticket=ST-1294193671rB6CB98DEA86FFAF2E5]
  [4;35;1mSQL (0.1ms)[0m   [0mSET SQL_AUTO_IS_NULL=0[0m


Processing UsersController#new (for 127.0.0.1 at 2011-01-04 18:16:34) [GET]
Existing local CAS session detected for "proc". Previous ticket "ST-1294193671rB6CB98DEA86FFAF2E5" will be re-used.
  [4;36;1mUser Columns (1.4ms)[0m   [0;1mSHOW FIELDS FROM `users`[0m
Rendering template within layouts/application
Rendering users/new
Rendered users/_user (3.8ms)
Completed in 77ms (View: 12, DB: 1) | 200 OK [http://localhost/users/new]
  [4;35;1mSQL (0.1ms)[0m   [0mSET SQL_AUTO_IS_NULL=0[0m


Processing HomeController#index (for 127.0.0.1 at 2011-01-04 18:29:30) [GET]
  Parameters: {"ticket"=>"ST-1294194570rEE3892BFF6F1DCDAD9"}
Request contains ticket "ST-1294194570rEE3892BFF6F1DCDAD9".
Guessed service url: "http://localhost:3000/home"
Existing local CAS session detected for "proc". Previous ticket "ST-1294193671rB6CB98DEA86FFAF2E5" will be re-used.
Rendering template within layouts/application
Rendering home/index
  [4;36;1mUser Columns (1.3ms)[0m   [0;1mSHOW FIELDS FROM `users`[0m
Completed in 11ms (View: 8, DB: 1) | 200 OK [http://localhost/home?ticket=ST-1294194570rEE3892BFF6F1DCDAD9]
  [4;35;1mSQL (0.1ms)[0m   [0mSET SQL_AUTO_IS_NULL=0[0m


Processing HomeController#index (for 127.0.0.1 at 2011-01-04 18:29:34) [GET]
Existing local CAS session detected for "proc". Previous ticket "ST-1294193671rB6CB98DEA86FFAF2E5" will be re-used.
Rendering template within layouts/application
Rendering home/index
  [4;36;1mUser Columns (1.6ms)[0m   [0;1mSHOW FIELDS FROM `users`[0m
Completed in 11ms (View: 8, DB: 2) | 200 OK [http://localhost/home]
  [4;35;1mSQL (0.1ms)[0m   [0mSET SQL_AUTO_IS_NULL=0[0m


Processing HomeController#index (for 127.0.0.1 at 2011-01-04 18:30:00) [GET]
Guessed service url: "http://localhost:3000/home"
Generated login url: https://localhost/login?service=http%3A%2F%2Flocalhost%3A3000%2Fhome
Redirecting to "https://localhost/login?service=http%3A%2F%2Flocalhost%3A3000%2Fhome"
Redirected to https://localhost/login?service=http%3A%2F%2Flocalhost%3A3000%2Fhome
Filter chain halted as [CASClient::Frameworks::Rails::Filter] rendered_or_redirected.
Completed in 1ms (DB: 0) | 302 Found [http://localhost/home]
  [4;36;1mSQL (0.1ms)[0m   [0;1mSET SQL_AUTO_IS_NULL=0[0m


Processing HomeController#index (for 127.0.0.1 at 2011-01-04 18:30:18) [GET]
Guessed service url: "http://localhost:3000/home"
Generated login url: https://localhost/login?service=http%3A%2F%2Flocalhost%3A3000%2Fhome
Redirecting to "https://localhost/login?service=http%3A%2F%2Flocalhost%3A3000%2Fhome"
Redirected to https://localhost/login?service=http%3A%2F%2Flocalhost%3A3000%2Fhome
Filter chain halted as [CASClient::Frameworks::Rails::Filter] rendered_or_redirected.
Completed in 1ms (DB: 0) | 302 Found [http://localhost/home]
  [4;35;1mSQL (0.2ms)[0m   [0mSET SQL_AUTO_IS_NULL=0[0m


Processing HomeController#index (for 127.0.0.1 at 2011-01-04 18:30:28) [GET]
  Parameters: {"ticket"=>"ST-1294194628rBB3E8B73B2CBA81FC0"}
Request contains ticket "ST-1294194628rBB3E8B73B2CBA81FC0".
Guessed service url: "http://localhost:3000/home"
Requesting CAS response for URI https://localhost/proxyValidate?ticket=ST-1294194628rBB3E8B73B2CBA81FC0&service=http%3A%2F%2Flocalhost%3A3000%2Fhome
CAS server responded with #<Net::HTTPOK 200 OK  readbody=true>:
<cas:serviceResponse xmlns:cas="http://www.yale.edu/tp/cas"><cas:authenticationSuccess><cas:user>proc</cas:user></cas:authenticationSuccess></cas:serviceResponse>
Ticket "ST-1294194628rBB3E8B73B2CBA81FC0" for service "http://localhost:3000/home" belonging to user "proc" is VALID.
Extra user attributes provided along with ticket "ST-1294194628rBB3E8B73B2CBA81FC0": {}.
Rendering template within layouts/application
Rendering home/index
  [4;36;1mUser Columns (1.4ms)[0m   [0;1mSHOW FIELDS FROM `users`[0m
Completed in 42ms (View: 9, DB: 2) | 200 OK [http://localhost/home?ticket=ST-1294194628rBB3E8B73B2CBA81FC0]
